{"C:\\Users\\SENA\\Documents\\GitHub\\ADOPTME\\backend\\middlewares\\authJwt.js": {"path":"C:\\Users\\SENA\\Documents\\GitHub\\ADOPTME\\backend\\middlewares\\authJwt.js","statementMap":{"0":{"start":{"line":1,"column":12},"end":{"line":1,"column":35}},"1":{"start":{"line":2,"column":15},"end":{"line":2,"column":47}},"2":{"start":{"line":3,"column":13},"end":{"line":3,"column":38}},"3":{"start":{"line":6,"column":20},"end":{"line":43,"column":1}},"4":{"start":{"line":7,"column":2},"end":{"line":7,"column":73}},"5":{"start":{"line":9,"column":2},"end":{"line":42,"column":3}},"6":{"start":{"line":12,"column":6},"end":{"line":13,"column":46}},"7":{"start":{"line":15,"column":4},"end":{"line":15,"column":93}},"8":{"start":{"line":17,"column":4},"end":{"line":22,"column":5}},"9":{"start":{"line":18,"column":6},"end":{"line":21,"column":9}},"10":{"start":{"line":25,"column":20},"end":{"line":25,"column":52}},"11":{"start":{"line":28,"column":4},"end":{"line":28,"column":28}},"12":{"start":{"line":29,"column":4},"end":{"line":29,"column":32}},"13":{"start":{"line":30,"column":4},"end":{"line":30,"column":48}},"14":{"start":{"line":32,"column":4},"end":{"line":32,"column":78}},"15":{"start":{"line":33,"column":4},"end":{"line":33,"column":11}},"16":{"start":{"line":36,"column":4},"end":{"line":36,"column":84}},"17":{"start":{"line":37,"column":4},"end":{"line":41,"column":7}},"18":{"start":{"line":45,"column":0},"end":{"line":47,"column":2}}},"fnMap":{"0":{"name":"(anonymous_0)","decl":{"start":{"line":6,"column":20},"end":{"line":6,"column":21}},"loc":{"start":{"line":6,"column":40},"end":{"line":43,"column":1}},"line":6}},"branchMap":{"0":{"loc":{"start":{"line":12,"column":6},"end":{"line":13,"column":46}},"type":"binary-expr","locations":[{"start":{"line":12,"column":6},"end":{"line":12,"column":35}},{"start":{"line":13,"column":6},"end":{"line":13,"column":46}}],"line":12},"1":{"loc":{"start":{"line":15,"column":45},"end":{"line":15,"column":91}},"type":"cond-expr","locations":[{"start":{"line":15,"column":53},"end":{"line":15,"column":76}},{"start":{"line":15,"column":79},"end":{"line":15,"column":91}}],"line":15},"2":{"loc":{"start":{"line":17,"column":4},"end":{"line":22,"column":5}},"type":"if","locations":[{"start":{"line":17,"column":4},"end":{"line":22,"column":5}},{"start":{},"end":{}}],"line":17},"3":{"loc":{"start":{"line":30,"column":20},"end":{"line":30,"column":47}},"type":"binary-expr","locations":[{"start":{"line":30,"column":20},"end":{"line":30,"column":33}},{"start":{"line":30,"column":37},"end":{"line":30,"column":47}}],"line":30}},"s":{"0":1,"1":1,"2":1,"3":1,"4":17,"5":17,"6":17,"7":17,"8":17,"9":2,"10":15,"11":11,"12":11,"13":11,"14":11,"15":11,"16":4,"17":4,"18":1},"f":{"0":17},"b":{"0":[17,6],"1":[15,2],"2":[2,15],"3":[11,8]},"_coverageSchema":"1a1c01bbd47fc00a2c39e90264f33305004495a9","hash":"a38ce6b3eee98fe79616b77922a92cfb1bffd202"}
,"C:\\Users\\SENA\\Documents\\GitHub\\ADOPTME\\backend\\models\\User.js": {"path":"C:\\Users\\SENA\\Documents\\GitHub\\ADOPTME\\backend\\models\\User.js","statementMap":{"0":{"start":{"line":1,"column":17},"end":{"line":1,"column":36}},"1":{"start":{"line":2,"column":15},"end":{"line":2,"column":34}},"2":{"start":{"line":4,"column":19},"end":{"line":28,"column":24}},"3":{"start":{"line":31,"column":0},"end":{"line":41,"column":3}},"4":{"start":{"line":32,"column":2},"end":{"line":32,"column":50}},"5":{"start":{"line":32,"column":36},"end":{"line":32,"column":50}},"6":{"start":{"line":34,"column":2},"end":{"line":40,"column":3}},"7":{"start":{"line":35,"column":17},"end":{"line":35,"column":41}},"8":{"start":{"line":36,"column":4},"end":{"line":36,"column":59}},"9":{"start":{"line":37,"column":4},"end":{"line":37,"column":11}},"10":{"start":{"line":39,"column":4},"end":{"line":39,"column":16}},"11":{"start":{"line":44,"column":0},"end":{"line":46,"column":2}},"12":{"start":{"line":45,"column":2},"end":{"line":45,"column":64}},"13":{"start":{"line":48,"column":0},"end":{"line":48,"column":52}}},"fnMap":{"0":{"name":"(anonymous_0)","decl":{"start":{"line":31,"column":23},"end":{"line":31,"column":24}},"loc":{"start":{"line":31,"column":44},"end":{"line":41,"column":1}},"line":31},"1":{"name":"(anonymous_1)","decl":{"start":{"line":44,"column":37},"end":{"line":44,"column":38}},"loc":{"start":{"line":44,"column":71},"end":{"line":46,"column":1}},"line":44}},"branchMap":{"0":{"loc":{"start":{"line":32,"column":2},"end":{"line":32,"column":50}},"type":"if","locations":[{"start":{"line":32,"column":2},"end":{"line":32,"column":50}},{"start":{},"end":{}}],"line":32}},"s":{"0":3,"1":3,"2":3,"3":3,"4":8,"5":1,"6":7,"7":7,"8":6,"9":6,"10":1,"11":3,"12":7,"13":3},"f":{"0":8,"1":7},"b":{"0":[1,7]},"_coverageSchema":"1a1c01bbd47fc00a2c39e90264f33305004495a9","hash":"ed10d5acf27030729e066a50644eea5725c4c640"}
}
