TN:
SF:middlewares\authJwt.js
FN:6,(anonymous_0)
FNF:1
FNH:1
FNDA:17,(anonymous_0)
DA:1,1
DA:2,1
DA:3,1
DA:6,1
DA:7,17
DA:9,17
DA:12,17
DA:15,17
DA:17,17
DA:18,2
DA:25,15
DA:28,11
DA:29,11
DA:30,11
DA:32,11
DA:33,11
DA:36,4
DA:37,4
DA:45,1
LF:19
LH:19
BRDA:12,0,0,17
BRDA:12,0,1,6
BRDA:15,1,0,15
BRDA:15,1,1,2
BRDA:17,2,0,2
BRDA:17,2,1,15
BRDA:30,3,0,11
BRDA:30,3,1,8
BRF:8
BRH:8
end_of_record
TN:
SF:models\User.js
FN:31,(anonymous_0)
FN:44,(anonymous_1)
FNF:2
FNH:2
FNDA:8,(anonymous_0)
FNDA:7,(anonymous_1)
DA:1,3
DA:2,3
DA:4,3
DA:31,3
DA:32,8
DA:34,7
DA:35,7
DA:36,6
DA:37,6
DA:39,1
DA:44,3
DA:45,7
DA:48,3
LF:13
LH:13
BRDA:32,0,0,1
BRDA:32,0,1,7
BRF:2
BRH:2
end_of_record
