{"C:\\xampp\\htdocs\\ADOPTME\\backend\\config\\auth.config.js": {"path":"C:\\xampp\\htdocs\\ADOPTME\\backend\\config\\auth.config.js","statementMap":{"0":{"start":{"line":1,"column":0},"end":{"line":4,"column":2}}},"fnMap":{},"branchMap":{"0":{"loc":{"start":{"line":2,"column":10},"end":{"line":2,"column":56}},"type":"binary-expr","locations":[{"start":{"line":2,"column":10},"end":{"line":2,"column":32}},{"start":{"line":2,"column":36},"end":{"line":2,"column":56}}],"line":2}},"s":{"0":0},"f":{},"b":{"0":[0,0]}}
,"C:\\xampp\\htdocs\\ADOPTME\\backend\\controllers\\authController.js": {"path":"C:\\xampp\\htdocs\\ADOPTME\\backend\\controllers\\authController.js","statementMap":{"0":{"start":{"line":1,"column":13},"end":{"line":1,"column":38}},"1":{"start":{"line":2,"column":15},"end":{"line":2,"column":34}},"2":{"start":{"line":3,"column":12},"end":{"line":3,"column":35}},"3":{"start":{"line":4,"column":15},"end":{"line":4,"column":47}},"4":{"start":{"line":5,"column":18},"end":{"line":5,"column":38}},"5":{"start":{"line":8,"column":14},"end":{"line":12,"column":1}},"6":{"start":{"line":15,"column":24},"end":{"line":17,"column":1}},"7":{"start":{"line":16,"column":2},"end":{"line":16,"column":41}},"8":{"start":{"line":20,"column":0},"end":{"line":74,"column":2}},"9":{"start":{"line":21,"column":2},"end":{"line":73,"column":3}},"10":{"start":{"line":22,"column":48},"end":{"line":22,"column":56}},"11":{"start":{"line":24,"column":4},"end":{"line":29,"column":5}},"12":{"start":{"line":25,"column":6},"end":{"line":28,"column":9}},"13":{"start":{"line":31,"column":17},"end":{"line":36,"column":6}},"14":{"start":{"line":38,"column":22},"end":{"line":38,"column":39}},"15":{"start":{"line":40,"column":18},"end":{"line":44,"column":5}},"16":{"start":{"line":46,"column":21},"end":{"line":46,"column":41}},"17":{"start":{"line":47,"column":4},"end":{"line":47,"column":29}},"18":{"start":{"line":49,"column":4},"end":{"line":54,"column":7}},"19":{"start":{"line":57,"column":4},"end":{"line":57,"column":64}},"20":{"start":{"line":59,"column":4},"end":{"line":66,"column":5}},"21":{"start":{"line":60,"column":20},"end":{"line":60,"column":52}},"22":{"start":{"line":61,"column":6},"end":{"line":65,"column":9}},"23":{"start":{"line":68,"column":4},"end":{"line":72,"column":7}},"24":{"start":{"line":77,"column":0},"end":{"line":149,"column":2}},"25":{"start":{"line":78,"column":2},"end":{"line":148,"column":3}},"26":{"start":{"line":79,"column":30},"end":{"line":79,"column":38}},"27":{"start":{"line":81,"column":4},"end":{"line":86,"column":5}},"28":{"start":{"line":82,"column":6},"end":{"line":85,"column":9}},"29":{"start":{"line":90,"column":4},"end":{"line":95,"column":5}},"30":{"start":{"line":91,"column":6},"end":{"line":94,"column":9}},"31":{"start":{"line":96,"column":4},"end":{"line":96,"column":39}},"32":{"start":{"line":99,"column":4},"end":{"line":104,"column":5}},"33":{"start":{"line":100,"column":6},"end":{"line":103,"column":9}},"34":{"start":{"line":107,"column":17},"end":{"line":107,"column":66}},"35":{"start":{"line":109,"column":4},"end":{"line":114,"column":5}},"36":{"start":{"line":110,"column":6},"end":{"line":113,"column":9}},"37":{"start":{"line":116,"column":20},"end":{"line":116,"column":56}},"38":{"start":{"line":118,"column":4},"end":{"line":123,"column":5}},"39":{"start":{"line":119,"column":6},"end":{"line":122,"column":9}},"40":{"start":{"line":125,"column":18},"end":{"line":129,"column":5}},"41":{"start":{"line":131,"column":21},"end":{"line":131,"column":36}},"42":{"start":{"line":132,"column":4},"end":{"line":132,"column":29}},"43":{"start":{"line":134,"column":4},"end":{"line":139,"column":7}},"44":{"start":{"line":142,"column":4},"end":{"line":142,"column":61}},"45":{"start":{"line":143,"column":4},"end":{"line":147,"column":7}},"46":{"start":{"line":152,"column":0},"end":{"line":191,"column":2}},"47":{"start":{"line":153,"column":2},"end":{"line":190,"column":3}},"48":{"start":{"line":154,"column":19},"end":{"line":154,"column":29}},"49":{"start":{"line":156,"column":17},"end":{"line":156,"column":60}},"50":{"start":{"line":157,"column":4},"end":{"line":162,"column":5}},"51":{"start":{"line":158,"column":6},"end":{"line":161,"column":9}},"52":{"start":{"line":165,"column":4},"end":{"line":170,"column":5}},"53":{"start":{"line":166,"column":6},"end":{"line":169,"column":9}},"54":{"start":{"line":172,"column":4},"end":{"line":177,"column":5}},"55":{"start":{"line":173,"column":6},"end":{"line":176,"column":9}},"56":{"start":{"line":179,"column":4},"end":{"line":182,"column":7}},"57":{"start":{"line":185,"column":4},"end":{"line":185,"column":50}},"58":{"start":{"line":186,"column":4},"end":{"line":189,"column":7}},"59":{"start":{"line":194,"column":0},"end":{"line":258,"column":2}},"60":{"start":{"line":195,"column":2},"end":{"line":257,"column":3}},"61":{"start":{"line":196,"column":19},"end":{"line":196,"column":29}},"62":{"start":{"line":197,"column":20},"end":{"line":197,"column":28}},"63":{"start":{"line":199,"column":25},"end":{"line":199,"column":48}},"64":{"start":{"line":200,"column":4},"end":{"line":205,"column":5}},"65":{"start":{"line":201,"column":6},"end":{"line":204,"column":9}},"66":{"start":{"line":208,"column":4},"end":{"line":213,"column":5}},"67":{"start":{"line":209,"column":6},"end":{"line":212,"column":9}},"68":{"start":{"line":215,"column":4},"end":{"line":220,"column":5}},"69":{"start":{"line":216,"column":6},"end":{"line":219,"column":9}},"70":{"start":{"line":223,"column":26},"end":{"line":223,"column":47}},"71":{"start":{"line":224,"column":4},"end":{"line":226,"column":5}},"72":{"start":{"line":225,"column":6},"end":{"line":225,"column":33}},"73":{"start":{"line":228,"column":28},"end":{"line":228,"column":30}},"74":{"start":{"line":229,"column":4},"end":{"line":236,"column":5}},"75":{"start":{"line":230,"column":6},"end":{"line":235,"column":7}},"76":{"start":{"line":232,"column":8},"end":{"line":234,"column":25}},"77":{"start":{"line":239,"column":4},"end":{"line":241,"column":5}},"78":{"start":{"line":240,"column":6},"end":{"line":240,"column":79}},"79":{"start":{"line":243,"column":24},"end":{"line":243,"column":108}},"80":{"start":{"line":245,"column":4},"end":{"line":249,"column":7}},"81":{"start":{"line":252,"column":4},"end":{"line":252,"column":49}},"82":{"start":{"line":253,"column":4},"end":{"line":256,"column":7}},"83":{"start":{"line":261,"column":0},"end":{"line":291,"column":2}},"84":{"start":{"line":262,"column":2},"end":{"line":290,"column":3}},"85":{"start":{"line":263,"column":4},"end":{"line":268,"column":5}},"86":{"start":{"line":264,"column":6},"end":{"line":267,"column":9}},"87":{"start":{"line":270,"column":24},"end":{"line":270,"column":67}},"88":{"start":{"line":272,"column":4},"end":{"line":277,"column":5}},"89":{"start":{"line":273,"column":6},"end":{"line":276,"column":9}},"90":{"start":{"line":279,"column":4},"end":{"line":282,"column":7}},"91":{"start":{"line":285,"column":4},"end":{"line":285,"column":49}},"92":{"start":{"line":286,"column":4},"end":{"line":289,"column":7}}},"fnMap":{"0":{"name":"(anonymous_0)","decl":{"start":{"line":15,"column":24},"end":{"line":15,"column":25}},"loc":{"start":{"line":15,"column":52},"end":{"line":17,"column":1}},"line":15},"1":{"name":"(anonymous_1)","decl":{"start":{"line":20,"column":17},"end":{"line":20,"column":18}},"loc":{"start":{"line":20,"column":37},"end":{"line":74,"column":1}},"line":20},"2":{"name":"(anonymous_2)","decl":{"start":{"line":77,"column":17},"end":{"line":77,"column":18}},"loc":{"start":{"line":77,"column":37},"end":{"line":149,"column":1}},"line":77},"3":{"name":"(anonymous_3)","decl":{"start":{"line":152,"column":22},"end":{"line":152,"column":23}},"loc":{"start":{"line":152,"column":42},"end":{"line":191,"column":1}},"line":152},"4":{"name":"(anonymous_4)","decl":{"start":{"line":194,"column":21},"end":{"line":194,"column":22}},"loc":{"start":{"line":194,"column":41},"end":{"line":258,"column":1}},"line":194},"5":{"name":"(anonymous_5)","decl":{"start":{"line":261,"column":21},"end":{"line":261,"column":22}},"loc":{"start":{"line":261,"column":41},"end":{"line":291,"column":1}},"line":261}},"branchMap":{"0":{"loc":{"start":{"line":24,"column":4},"end":{"line":29,"column":5}},"type":"if","locations":[{"start":{"line":24,"column":4},"end":{"line":29,"column":5}},{"start":{},"end":{}}],"line":24},"1":{"loc":{"start":{"line":24,"column":8},"end":{"line":24,"column":40}},"type":"binary-expr","locations":[{"start":{"line":24,"column":8},"end":{"line":24,"column":17}},{"start":{"line":24,"column":21},"end":{"line":24,"column":27}},{"start":{"line":24,"column":31},"end":{"line":24,"column":40}}],"line":24},"2":{"loc":{"start":{"line":35,"column":12},"end":{"line":35,"column":35}},"type":"binary-expr","locations":[{"start":{"line":35,"column":12},"end":{"line":35,"column":16}},{"start":{"line":35,"column":20},"end":{"line":35,"column":35}}],"line":35},"3":{"loc":{"start":{"line":59,"column":4},"end":{"line":66,"column":5}},"type":"if","locations":[{"start":{"line":59,"column":4},"end":{"line":66,"column":5}},{"start":{},"end":{}}],"line":59},"4":{"loc":{"start":{"line":81,"column":4},"end":{"line":86,"column":5}},"type":"if","locations":[{"start":{"line":81,"column":4},"end":{"line":86,"column":5}},{"start":{},"end":{}}],"line":81},"5":{"loc":{"start":{"line":81,"column":8},"end":{"line":81,"column":27}},"type":"binary-expr","locations":[{"start":{"line":81,"column":8},"end":{"line":81,"column":14}},{"start":{"line":81,"column":18},"end":{"line":81,"column":27}}],"line":81},"6":{"loc":{"start":{"line":90,"column":4},"end":{"line":95,"column":5}},"type":"if","locations":[{"start":{"line":90,"column":4},"end":{"line":95,"column":5}},{"start":{},"end":{}}],"line":90},"7":{"loc":{"start":{"line":99,"column":4},"end":{"line":104,"column":5}},"type":"if","locations":[{"start":{"line":99,"column":4},"end":{"line":104,"column":5}},{"start":{},"end":{}}],"line":99},"8":{"loc":{"start":{"line":109,"column":4},"end":{"line":114,"column":5}},"type":"if","locations":[{"start":{"line":109,"column":4},"end":{"line":114,"column":5}},{"start":{},"end":{}}],"line":109},"9":{"loc":{"start":{"line":118,"column":4},"end":{"line":123,"column":5}},"type":"if","locations":[{"start":{"line":118,"column":4},"end":{"line":123,"column":5}},{"start":{},"end":{}}],"line":118},"10":{"loc":{"start":{"line":157,"column":4},"end":{"line":162,"column":5}},"type":"if","locations":[{"start":{"line":157,"column":4},"end":{"line":162,"column":5}},{"start":{},"end":{}}],"line":157},"11":{"loc":{"start":{"line":165,"column":4},"end":{"line":170,"column":5}},"type":"if","locations":[{"start":{"line":165,"column":4},"end":{"line":170,"column":5}},{"start":{},"end":{}}],"line":165},"12":{"loc":{"start":{"line":165,"column":8},"end":{"line":165,"column":57}},"type":"binary-expr","locations":[{"start":{"line":165,"column":8},"end":{"line":165,"column":36}},{"start":{"line":165,"column":40},"end":{"line":165,"column":57}}],"line":165},"13":{"loc":{"start":{"line":172,"column":4},"end":{"line":177,"column":5}},"type":"if","locations":[{"start":{"line":172,"column":4},"end":{"line":177,"column":5}},{"start":{},"end":{}}],"line":172},"14":{"loc":{"start":{"line":172,"column":8},"end":{"line":172,"column":66}},"type":"binary-expr","locations":[{"start":{"line":172,"column":8},"end":{"line":172,"column":41}},{"start":{"line":172,"column":45},"end":{"line":172,"column":66}}],"line":172},"15":{"loc":{"start":{"line":200,"column":4},"end":{"line":205,"column":5}},"type":"if","locations":[{"start":{"line":200,"column":4},"end":{"line":205,"column":5}},{"start":{},"end":{}}],"line":200},"16":{"loc":{"start":{"line":208,"column":4},"end":{"line":213,"column":5}},"type":"if","locations":[{"start":{"line":208,"column":4},"end":{"line":213,"column":5}},{"start":{},"end":{}}],"line":208},"17":{"loc":{"start":{"line":208,"column":8},"end":{"line":208,"column":57}},"type":"binary-expr","locations":[{"start":{"line":208,"column":8},"end":{"line":208,"column":36}},{"start":{"line":208,"column":40},"end":{"line":208,"column":57}}],"line":208},"18":{"loc":{"start":{"line":215,"column":4},"end":{"line":220,"column":5}},"type":"if","locations":[{"start":{"line":215,"column":4},"end":{"line":220,"column":5}},{"start":{},"end":{}}],"line":215},"19":{"loc":{"start":{"line":215,"column":8},"end":{"line":215,"column":74}},"type":"binary-expr","locations":[{"start":{"line":215,"column":8},"end":{"line":215,"column":41}},{"start":{"line":215,"column":45},"end":{"line":215,"column":74}}],"line":215},"20":{"loc":{"start":{"line":224,"column":4},"end":{"line":226,"column":5}},"type":"if","locations":[{"start":{"line":224,"column":4},"end":{"line":226,"column":5}},{"start":{},"end":{}}],"line":224},"21":{"loc":{"start":{"line":230,"column":6},"end":{"line":235,"column":7}},"type":"if","locations":[{"start":{"line":230,"column":6},"end":{"line":235,"column":7}},{"start":{},"end":{}}],"line":230},"22":{"loc":{"start":{"line":232,"column":31},"end":{"line":234,"column":24}},"type":"cond-expr","locations":[{"start":{"line":233,"column":12},"end":{"line":233,"column":31}},{"start":{"line":234,"column":12},"end":{"line":234,"column":24}}],"line":232},"23":{"loc":{"start":{"line":239,"column":4},"end":{"line":241,"column":5}},"type":"if","locations":[{"start":{"line":239,"column":4},"end":{"line":241,"column":5}},{"start":{},"end":{}}],"line":239},"24":{"loc":{"start":{"line":263,"column":4},"end":{"line":268,"column":5}},"type":"if","locations":[{"start":{"line":263,"column":4},"end":{"line":268,"column":5}},{"start":{},"end":{}}],"line":263},"25":{"loc":{"start":{"line":272,"column":4},"end":{"line":277,"column":5}},"type":"if","locations":[{"start":{"line":272,"column":4},"end":{"line":277,"column":5}},{"start":{},"end":{}}],"line":272}},"s":{"0":0,"1":0,"2":0,"3":0,"4":0,"5":0,"6":0,"7":0,"8":0,"9":0,"10":0,"11":0,"12":0,"13":0,"14":0,"15":0,"16":0,"17":0,"18":0,"19":0,"20":0,"21":0,"22":0,"23":0,"24":0,"25":0,"26":0,"27":0,"28":0,"29":0,"30":0,"31":0,"32":0,"33":0,"34":0,"35":0,"36":0,"37":0,"38":0,"39":0,"40":0,"41":0,"42":0,"43":0,"44":0,"45":0,"46":0,"47":0,"48":0,"49":0,"50":0,"51":0,"52":0,"53":0,"54":0,"55":0,"56":0,"57":0,"58":0,"59":0,"60":0,"61":0,"62":0,"63":0,"64":0,"65":0,"66":0,"67":0,"68":0,"69":0,"70":0,"71":0,"72":0,"73":0,"74":0,"75":0,"76":0,"77":0,"78":0,"79":0,"80":0,"81":0,"82":0,"83":0,"84":0,"85":0,"86":0,"87":0,"88":0,"89":0,"90":0,"91":0,"92":0},"f":{"0":0,"1":0,"2":0,"3":0,"4":0,"5":0},"b":{"0":[0,0],"1":[0,0,0],"2":[0,0],"3":[0,0],"4":[0,0],"5":[0,0],"6":[0,0],"7":[0,0],"8":[0,0],"9":[0,0],"10":[0,0],"11":[0,0],"12":[0,0],"13":[0,0],"14":[0,0],"15":[0,0],"16":[0,0],"17":[0,0],"18":[0,0],"19":[0,0],"20":[0,0],"21":[0,0],"22":[0,0],"23":[0,0],"24":[0,0],"25":[0,0]}}
,"C:\\xampp\\htdocs\\ADOPTME\\backend\\controllers\\dashboardController.js": {"path":"C:\\xampp\\htdocs\\ADOPTME\\backend\\controllers\\dashboardController.js","statementMap":{"0":{"start":{"line":2,"column":16},"end":{"line":2,"column":44}},"1":{"start":{"line":3,"column":26},"end":{"line":3,"column":64}},"2":{"start":{"line":4,"column":29},"end":{"line":4,"column":70}},"3":{"start":{"line":5,"column":24},"end":{"line":5,"column":60}},"4":{"start":{"line":6,"column":13},"end":{"line":6,"column":38}},"5":{"start":{"line":7,"column":17},"end":{"line":7,"column":46}},"6":{"start":{"line":10,"column":17},"end":{"line":13,"column":1}},"7":{"start":{"line":15,"column":21},"end":{"line":19,"column":1}},"8":{"start":{"line":16,"column":12},"end":{"line":16,"column":23}},"9":{"start":{"line":17,"column":2},"end":{"line":17,"column":15}},"10":{"start":{"line":17,"column":16},"end":{"line":17,"column":36}},"11":{"start":{"line":18,"column":2},"end":{"line":18,"column":11}},"12":{"start":{"line":20,"column":19},"end":{"line":23,"column":1}},"13":{"start":{"line":21,"column":12},"end":{"line":21,"column":75}},"14":{"start":{"line":22,"column":2},"end":{"line":22,"column":11}},"15":{"start":{"line":25,"column":23},"end":{"line":38,"column":1}},"16":{"start":{"line":27,"column":14},"end":{"line":27,"column":24}},"17":{"start":{"line":28,"column":16},"end":{"line":28,"column":18}},"18":{"start":{"line":29,"column":2},"end":{"line":36,"column":3}},"19":{"start":{"line":29,"column":15},"end":{"line":29,"column":20}},"20":{"start":{"line":30,"column":14},"end":{"line":30,"column":64}},"21":{"start":{"line":31,"column":4},"end":{"line":35,"column":7}},"22":{"start":{"line":37,"column":2},"end":{"line":37,"column":15}},"23":{"start":{"line":41,"column":27},"end":{"line":66,"column":1}},"24":{"start":{"line":42,"column":20},"end":{"line":42,"column":42}},"25":{"start":{"line":43,"column":16},"end":{"line":43,"column":82}},"26":{"start":{"line":44,"column":15},"end":{"line":44,"column":37}},"27":{"start":{"line":46,"column":19},"end":{"line":57,"column":3}},"28":{"start":{"line":58,"column":15},"end":{"line":58,"column":46}},"29":{"start":{"line":60,"column":14},"end":{"line":60,"column":72}},"30":{"start":{"line":60,"column":36},"end":{"line":60,"column":70}},"31":{"start":{"line":61,"column":17},"end":{"line":64,"column":5}},"32":{"start":{"line":61,"column":38},"end":{"line":64,"column":3}},"33":{"start":{"line":65,"column":2},"end":{"line":65,"column":16}},"34":{"start":{"line":69,"column":25},"end":{"line":93,"column":1}},"35":{"start":{"line":70,"column":20},"end":{"line":70,"column":42}},"36":{"start":{"line":71,"column":16},"end":{"line":71,"column":82}},"37":{"start":{"line":72,"column":15},"end":{"line":72,"column":37}},"38":{"start":{"line":74,"column":19},"end":{"line":85,"column":3}},"39":{"start":{"line":86,"column":15},"end":{"line":86,"column":46}},"40":{"start":{"line":87,"column":14},"end":{"line":87,"column":72}},"41":{"start":{"line":87,"column":36},"end":{"line":87,"column":70}},"42":{"start":{"line":88,"column":17},"end":{"line":91,"column":5}},"43":{"start":{"line":88,"column":38},"end":{"line":91,"column":3}},"44":{"start":{"line":92,"column":2},"end":{"line":92,"column":16}},"45":{"start":{"line":96,"column":27},"end":{"line":102,"column":3}},"46":{"start":{"line":97,"column":2},"end":{"line":102,"column":3}},"47":{"start":{"line":107,"column":0},"end":{"line":143,"column":2}},"48":{"start":{"line":108,"column":2},"end":{"line":142,"column":3}},"49":{"start":{"line":109,"column":16},"end":{"line":109,"column":26}},"50":{"start":{"line":110,"column":19},"end":{"line":110,"column":36}},"51":{"start":{"line":111,"column":19},"end":{"line":111,"column":34}},"52":{"start":{"line":114,"column":30},"end":{"line":114,"column":80}},"53":{"start":{"line":115,"column":35},"end":{"line":115,"column":110}},"54":{"start":{"line":118,"column":25},"end":{"line":118,"column":67}},"55":{"start":{"line":119,"column":27},"end":{"line":119,"column":112}},"56":{"start":{"line":122,"column":24},"end":{"line":122,"column":69}},"57":{"start":{"line":123,"column":26},"end":{"line":123,"column":114}},"58":{"start":{"line":126,"column":28},"end":{"line":131,"column":6}},"59":{"start":{"line":133,"column":4},"end":{"line":138,"column":7}},"60":{"start":{"line":140,"column":4},"end":{"line":140,"column":54}},"61":{"start":{"line":141,"column":4},"end":{"line":141,"column":93}},"62":{"start":{"line":146,"column":0},"end":{"line":160,"column":2}},"63":{"start":{"line":147,"column":2},"end":{"line":159,"column":3}},"64":{"start":{"line":148,"column":19},"end":{"line":148,"column":48}},"65":{"start":{"line":149,"column":19},"end":{"line":154,"column":6}},"66":{"start":{"line":155,"column":4},"end":{"line":155,"column":32}},"67":{"start":{"line":157,"column":4},"end":{"line":157,"column":63}},"68":{"start":{"line":158,"column":4},"end":{"line":158,"column":103}},"69":{"start":{"line":163,"column":0},"end":{"line":177,"column":2}},"70":{"start":{"line":164,"column":2},"end":{"line":176,"column":3}},"71":{"start":{"line":165,"column":19},"end":{"line":165,"column":48}},"72":{"start":{"line":166,"column":19},"end":{"line":171,"column":6}},"73":{"start":{"line":172,"column":4},"end":{"line":172,"column":32}},"74":{"start":{"line":174,"column":4},"end":{"line":174,"column":66}},"75":{"start":{"line":175,"column":4},"end":{"line":175,"column":106}},"76":{"start":{"line":180,"column":0},"end":{"line":195,"column":2}},"77":{"start":{"line":181,"column":2},"end":{"line":194,"column":3}},"78":{"start":{"line":182,"column":19},"end":{"line":182,"column":48}},"79":{"start":{"line":183,"column":19},"end":{"line":189,"column":6}},"80":{"start":{"line":190,"column":4},"end":{"line":190,"column":49}},"81":{"start":{"line":192,"column":4},"end":{"line":192,"column":65}},"82":{"start":{"line":193,"column":4},"end":{"line":193,"column":105}},"83":{"start":{"line":198,"column":0},"end":{"line":265,"column":2}},"84":{"start":{"line":199,"column":2},"end":{"line":264,"column":3}},"85":{"start":{"line":200,"column":18},"end":{"line":200,"column":74}},"86":{"start":{"line":202,"column":18},"end":{"line":202,"column":112}},"87":{"start":{"line":204,"column":21},"end":{"line":215,"column":13}},"88":{"start":{"line":217,"column":17},"end":{"line":258,"column":6}},"89":{"start":{"line":219,"column":8},"end":{"line":222,"column":38}},"90":{"start":{"line":226,"column":6},"end":{"line":240,"column":7}},"91":{"start":{"line":228,"column":8},"end":{"line":237,"column":9}},"92":{"start":{"line":230,"column":10},"end":{"line":234,"column":11}},"93":{"start":{"line":231,"column":12},"end":{"line":231,"column":33}},"94":{"start":{"line":233,"column":12},"end":{"line":233,"column":33}},"95":{"start":{"line":236,"column":10},"end":{"line":236,"column":31}},"96":{"start":{"line":239,"column":8},"end":{"line":239,"column":29}},"97":{"start":{"line":242,"column":22},"end":{"line":244,"column":36}},"98":{"start":{"line":246,"column":24},"end":{"line":248,"column":36}},"99":{"start":{"line":250,"column":6},"end":{"line":257,"column":8}},"100":{"start":{"line":260,"column":4},"end":{"line":260,"column":46}},"101":{"start":{"line":262,"column":4},"end":{"line":262,"column":66}},"102":{"start":{"line":263,"column":4},"end":{"line":263,"column":94}},"103":{"start":{"line":269,"column":0},"end":{"line":297,"column":2}},"104":{"start":{"line":270,"column":2},"end":{"line":296,"column":3}},"105":{"start":{"line":271,"column":19},"end":{"line":271,"column":29}},"106":{"start":{"line":274,"column":29},"end":{"line":274,"column":90}},"107":{"start":{"line":277,"column":28},"end":{"line":277,"column":92}},"108":{"start":{"line":282,"column":35},"end":{"line":286,"column":6}},"109":{"start":{"line":288,"column":4},"end":{"line":292,"column":7}},"110":{"start":{"line":294,"column":4},"end":{"line":294,"column":63}},"111":{"start":{"line":295,"column":4},"end":{"line":295,"column":106}},"112":{"start":{"line":300,"column":0},"end":{"line":368,"column":2}},"113":{"start":{"line":301,"column":2},"end":{"line":367,"column":3}},"114":{"start":{"line":302,"column":19},"end":{"line":302,"column":29}},"115":{"start":{"line":303,"column":18},"end":{"line":303,"column":74}},"116":{"start":{"line":306,"column":21},"end":{"line":318,"column":13}},"117":{"start":{"line":321,"column":20},"end":{"line":321,"column":53}},"118":{"start":{"line":321,"column":41},"end":{"line":321,"column":52}},"119":{"start":{"line":323,"column":17},"end":{"line":361,"column":6}},"120":{"start":{"line":325,"column":8},"end":{"line":328,"column":38}},"121":{"start":{"line":331,"column":6},"end":{"line":343,"column":7}},"122":{"start":{"line":332,"column":8},"end":{"line":340,"column":9}},"123":{"start":{"line":333,"column":10},"end":{"line":337,"column":11}},"124":{"start":{"line":334,"column":12},"end":{"line":334,"column":33}},"125":{"start":{"line":336,"column":12},"end":{"line":336,"column":33}},"126":{"start":{"line":339,"column":10},"end":{"line":339,"column":31}},"127":{"start":{"line":342,"column":8},"end":{"line":342,"column":29}},"128":{"start":{"line":345,"column":22},"end":{"line":347,"column":36}},"129":{"start":{"line":349,"column":24},"end":{"line":351,"column":36}},"130":{"start":{"line":353,"column":6},"end":{"line":360,"column":8}},"131":{"start":{"line":363,"column":4},"end":{"line":363,"column":46}},"132":{"start":{"line":365,"column":4},"end":{"line":365,"column":68}},"133":{"start":{"line":366,"column":4},"end":{"line":366,"column":108}},"134":{"start":{"line":371,"column":0},"end":{"line":395,"column":2}},"135":{"start":{"line":372,"column":2},"end":{"line":394,"column":3}},"136":{"start":{"line":373,"column":19},"end":{"line":373,"column":29}},"137":{"start":{"line":374,"column":18},"end":{"line":374,"column":74}},"138":{"start":{"line":376,"column":24},"end":{"line":379,"column":13}},"139":{"start":{"line":382,"column":17},"end":{"line":388,"column":7}},"140":{"start":{"line":382,"column":39},"end":{"line":388,"column":5}},"141":{"start":{"line":390,"column":4},"end":{"line":390,"column":30}},"142":{"start":{"line":392,"column":4},"end":{"line":392,"column":68}},"143":{"start":{"line":393,"column":4},"end":{"line":393,"column":126}}},"fnMap":{"0":{"name":"(anonymous_0)","decl":{"start":{"line":15,"column":21},"end":{"line":15,"column":22}},"loc":{"start":{"line":15,"column":41},"end":{"line":19,"column":1}},"line":15},"1":{"name":"(anonymous_1)","decl":{"start":{"line":20,"column":19},"end":{"line":20,"column":20}},"loc":{"start":{"line":20,"column":39},"end":{"line":23,"column":1}},"line":20},"2":{"name":"(anonymous_2)","decl":{"start":{"line":25,"column":23},"end":{"line":25,"column":24}},"loc":{"start":{"line":25,"column":34},"end":{"line":38,"column":1}},"line":25},"3":{"name":"(anonymous_3)","decl":{"start":{"line":41,"column":27},"end":{"line":41,"column":28}},"loc":{"start":{"line":41,"column":97},"end":{"line":66,"column":1}},"line":41},"4":{"name":"(anonymous_4)","decl":{"start":{"line":60,"column":31},"end":{"line":60,"column":32}},"loc":{"start":{"line":60,"column":36},"end":{"line":60,"column":70}},"line":60},"5":{"name":"(anonymous_5)","decl":{"start":{"line":61,"column":31},"end":{"line":61,"column":32}},"loc":{"start":{"line":61,"column":38},"end":{"line":64,"column":3}},"line":61},"6":{"name":"(anonymous_6)","decl":{"start":{"line":69,"column":25},"end":{"line":69,"column":26}},"loc":{"start":{"line":69,"column":114},"end":{"line":93,"column":1}},"line":69},"7":{"name":"(anonymous_7)","decl":{"start":{"line":87,"column":31},"end":{"line":87,"column":32}},"loc":{"start":{"line":87,"column":36},"end":{"line":87,"column":70}},"line":87},"8":{"name":"(anonymous_8)","decl":{"start":{"line":88,"column":31},"end":{"line":88,"column":32}},"loc":{"start":{"line":88,"column":38},"end":{"line":91,"column":3}},"line":88},"9":{"name":"(anonymous_9)","decl":{"start":{"line":96,"column":27},"end":{"line":96,"column":28}},"loc":{"start":{"line":97,"column":2},"end":{"line":102,"column":3}},"line":97},"10":{"name":"(anonymous_10)","decl":{"start":{"line":107,"column":21},"end":{"line":107,"column":22}},"loc":{"start":{"line":107,"column":41},"end":{"line":143,"column":1}},"line":107},"11":{"name":"(anonymous_11)","decl":{"start":{"line":146,"column":30},"end":{"line":146,"column":31}},"loc":{"start":{"line":146,"column":50},"end":{"line":160,"column":1}},"line":146},"12":{"name":"(anonymous_12)","decl":{"start":{"line":163,"column":33},"end":{"line":163,"column":34}},"loc":{"start":{"line":163,"column":53},"end":{"line":177,"column":1}},"line":163},"13":{"name":"(anonymous_13)","decl":{"start":{"line":180,"column":32},"end":{"line":180,"column":33}},"loc":{"start":{"line":180,"column":52},"end":{"line":195,"column":1}},"line":180},"14":{"name":"(anonymous_14)","decl":{"start":{"line":198,"column":33},"end":{"line":198,"column":34}},"loc":{"start":{"line":198,"column":53},"end":{"line":265,"column":1}},"line":198},"15":{"name":"(anonymous_15)","decl":{"start":{"line":217,"column":30},"end":{"line":217,"column":31}},"loc":{"start":{"line":217,"column":35},"end":{"line":258,"column":5}},"line":217},"16":{"name":"(anonymous_16)","decl":{"start":{"line":269,"column":30},"end":{"line":269,"column":31}},"loc":{"start":{"line":269,"column":50},"end":{"line":297,"column":1}},"line":269},"17":{"name":"(anonymous_17)","decl":{"start":{"line":300,"column":35},"end":{"line":300,"column":36}},"loc":{"start":{"line":300,"column":55},"end":{"line":368,"column":1}},"line":300},"18":{"name":"(anonymous_18)","decl":{"start":{"line":321,"column":36},"end":{"line":321,"column":37}},"loc":{"start":{"line":321,"column":41},"end":{"line":321,"column":52}},"line":321},"19":{"name":"(anonymous_19)","decl":{"start":{"line":323,"column":29},"end":{"line":323,"column":30}},"loc":{"start":{"line":323,"column":34},"end":{"line":361,"column":5}},"line":323},"20":{"name":"(anonymous_20)","decl":{"start":{"line":371,"column":35},"end":{"line":371,"column":36}},"loc":{"start":{"line":371,"column":55},"end":{"line":395,"column":1}},"line":371},"21":{"name":"(anonymous_21)","decl":{"start":{"line":382,"column":33},"end":{"line":382,"column":34}},"loc":{"start":{"line":382,"column":39},"end":{"line":388,"column":5}},"line":382}},"branchMap":{"0":{"loc":{"start":{"line":15,"column":22},"end":{"line":15,"column":36}},"type":"default-arg","locations":[{"start":{"line":15,"column":26},"end":{"line":15,"column":36}}],"line":15},"1":{"loc":{"start":{"line":20,"column":20},"end":{"line":20,"column":34}},"type":"default-arg","locations":[{"start":{"line":20,"column":24},"end":{"line":20,"column":34}}],"line":20},"2":{"loc":{"start":{"line":25,"column":24},"end":{"line":25,"column":29}},"type":"default-arg","locations":[{"start":{"line":25,"column":28},"end":{"line":25,"column":29}}],"line":25},"3":{"loc":{"start":{"line":41,"column":43},"end":{"line":41,"column":66}},"type":"default-arg","locations":[{"start":{"line":41,"column":55},"end":{"line":41,"column":66}}],"line":41},"4":{"loc":{"start":{"line":41,"column":68},"end":{"line":41,"column":78}},"type":"default-arg","locations":[{"start":{"line":41,"column":76},"end":{"line":41,"column":78}}],"line":41},"5":{"loc":{"start":{"line":41,"column":80},"end":{"line":41,"column":90}},"type":"default-arg","locations":[{"start":{"line":41,"column":89},"end":{"line":41,"column":90}}],"line":41},"6":{"loc":{"start":{"line":63,"column":9},"end":{"line":63,"column":47}},"type":"binary-expr","locations":[{"start":{"line":63,"column":9},"end":{"line":63,"column":42}},{"start":{"line":63,"column":46},"end":{"line":63,"column":47}}],"line":63},"7":{"loc":{"start":{"line":69,"column":41},"end":{"line":69,"column":62}},"type":"default-arg","locations":[{"start":{"line":69,"column":55},"end":{"line":69,"column":62}}],"line":69},"8":{"loc":{"start":{"line":69,"column":64},"end":{"line":69,"column":83}},"type":"default-arg","locations":[{"start":{"line":69,"column":76},"end":{"line":69,"column":83}}],"line":69},"9":{"loc":{"start":{"line":69,"column":85},"end":{"line":69,"column":95}},"type":"default-arg","locations":[{"start":{"line":69,"column":93},"end":{"line":69,"column":95}}],"line":69},"10":{"loc":{"start":{"line":69,"column":97},"end":{"line":69,"column":107}},"type":"default-arg","locations":[{"start":{"line":69,"column":106},"end":{"line":69,"column":107}}],"line":69},"11":{"loc":{"start":{"line":90,"column":9},"end":{"line":90,"column":47}},"type":"binary-expr","locations":[{"start":{"line":90,"column":9},"end":{"line":90,"column":42}},{"start":{"line":90,"column":46},"end":{"line":90,"column":47}}],"line":90},"12":{"loc":{"start":{"line":98,"column":4},"end":{"line":101,"column":24}},"type":"binary-expr","locations":[{"start":{"line":98,"column":4},"end":{"line":98,"column":27}},{"start":{"line":99,"column":4},"end":{"line":99,"column":23}},{"start":{"line":100,"column":4},"end":{"line":100,"column":27}},{"start":{"line":101,"column":4},"end":{"line":101,"column":24}}],"line":98},"13":{"loc":{"start":{"line":148,"column":26},"end":{"line":148,"column":47}},"type":"binary-expr","locations":[{"start":{"line":148,"column":26},"end":{"line":148,"column":42}},{"start":{"line":148,"column":46},"end":{"line":148,"column":47}}],"line":148},"14":{"loc":{"start":{"line":165,"column":26},"end":{"line":165,"column":47}},"type":"binary-expr","locations":[{"start":{"line":165,"column":26},"end":{"line":165,"column":42}},{"start":{"line":165,"column":46},"end":{"line":165,"column":47}}],"line":165},"15":{"loc":{"start":{"line":182,"column":26},"end":{"line":182,"column":47}},"type":"binary-expr","locations":[{"start":{"line":182,"column":26},"end":{"line":182,"column":42}},{"start":{"line":182,"column":46},"end":{"line":182,"column":47}}],"line":182},"16":{"loc":{"start":{"line":200,"column":50},"end":{"line":200,"column":71}},"type":"binary-expr","locations":[{"start":{"line":200,"column":50},"end":{"line":200,"column":65}},{"start":{"line":200,"column":69},"end":{"line":200,"column":71}}],"line":200},"17":{"loc":{"start":{"line":219,"column":9},"end":{"line":219,"column":40}},"type":"cond-expr","locations":[{"start":{"line":219,"column":35},"end":{"line":219,"column":36}},{"start":{"line":219,"column":39},"end":{"line":219,"column":40}}],"line":219},"18":{"loc":{"start":{"line":220,"column":9},"end":{"line":220,"column":36}},"type":"cond-expr","locations":[{"start":{"line":220,"column":31},"end":{"line":220,"column":32}},{"start":{"line":220,"column":35},"end":{"line":220,"column":36}}],"line":220},"19":{"loc":{"start":{"line":221,"column":9},"end":{"line":221,"column":40}},"type":"cond-expr","locations":[{"start":{"line":221,"column":35},"end":{"line":221,"column":36}},{"start":{"line":221,"column":39},"end":{"line":221,"column":40}}],"line":221},"20":{"loc":{"start":{"line":222,"column":9},"end":{"line":222,"column":37}},"type":"cond-expr","locations":[{"start":{"line":222,"column":32},"end":{"line":222,"column":33}},{"start":{"line":222,"column":36},"end":{"line":222,"column":37}}],"line":222},"21":{"loc":{"start":{"line":226,"column":6},"end":{"line":240,"column":7}},"type":"if","locations":[{"start":{"line":226,"column":6},"end":{"line":240,"column":7}},{"start":{"line":238,"column":13},"end":{"line":240,"column":7}}],"line":226},"22":{"loc":{"start":{"line":228,"column":8},"end":{"line":237,"column":9}},"type":"if","locations":[{"start":{"line":228,"column":8},"end":{"line":237,"column":9}},{"start":{"line":235,"column":15},"end":{"line":237,"column":9}}],"line":228},"23":{"loc":{"start":{"line":230,"column":10},"end":{"line":234,"column":11}},"type":"if","locations":[{"start":{"line":230,"column":10},"end":{"line":234,"column":11}},{"start":{"line":232,"column":17},"end":{"line":234,"column":11}}],"line":230},"24":{"loc":{"start":{"line":242,"column":22},"end":{"line":244,"column":36}},"type":"cond-expr","locations":[{"start":{"line":243,"column":10},"end":{"line":243,"column":78}},{"start":{"line":244,"column":10},"end":{"line":244,"column":36}}],"line":242},"25":{"loc":{"start":{"line":246,"column":24},"end":{"line":248,"column":36}},"type":"cond-expr","locations":[{"start":{"line":247,"column":10},"end":{"line":247,"column":84}},{"start":{"line":248,"column":10},"end":{"line":248,"column":36}}],"line":246},"26":{"loc":{"start":{"line":303,"column":50},"end":{"line":303,"column":71}},"type":"binary-expr","locations":[{"start":{"line":303,"column":50},"end":{"line":303,"column":65}},{"start":{"line":303,"column":69},"end":{"line":303,"column":71}}],"line":303},"27":{"loc":{"start":{"line":325,"column":9},"end":{"line":325,"column":40}},"type":"cond-expr","locations":[{"start":{"line":325,"column":35},"end":{"line":325,"column":36}},{"start":{"line":325,"column":39},"end":{"line":325,"column":40}}],"line":325},"28":{"loc":{"start":{"line":326,"column":9},"end":{"line":326,"column":36}},"type":"cond-expr","locations":[{"start":{"line":326,"column":31},"end":{"line":326,"column":32}},{"start":{"line":326,"column":35},"end":{"line":326,"column":36}}],"line":326},"29":{"loc":{"start":{"line":327,"column":9},"end":{"line":327,"column":40}},"type":"cond-expr","locations":[{"start":{"line":327,"column":35},"end":{"line":327,"column":36}},{"start":{"line":327,"column":39},"end":{"line":327,"column":40}}],"line":327},"30":{"loc":{"start":{"line":328,"column":9},"end":{"line":328,"column":37}},"type":"cond-expr","locations":[{"start":{"line":328,"column":32},"end":{"line":328,"column":33}},{"start":{"line":328,"column":36},"end":{"line":328,"column":37}}],"line":328},"31":{"loc":{"start":{"line":331,"column":6},"end":{"line":343,"column":7}},"type":"if","locations":[{"start":{"line":331,"column":6},"end":{"line":343,"column":7}},{"start":{"line":341,"column":13},"end":{"line":343,"column":7}}],"line":331},"32":{"loc":{"start":{"line":332,"column":8},"end":{"line":340,"column":9}},"type":"if","locations":[{"start":{"line":332,"column":8},"end":{"line":340,"column":9}},{"start":{"line":338,"column":15},"end":{"line":340,"column":9}}],"line":332},"33":{"loc":{"start":{"line":333,"column":10},"end":{"line":337,"column":11}},"type":"if","locations":[{"start":{"line":333,"column":10},"end":{"line":337,"column":11}},{"start":{"line":335,"column":17},"end":{"line":337,"column":11}}],"line":333},"34":{"loc":{"start":{"line":345,"column":22},"end":{"line":347,"column":36}},"type":"cond-expr","locations":[{"start":{"line":346,"column":10},"end":{"line":346,"column":78}},{"start":{"line":347,"column":10},"end":{"line":347,"column":36}}],"line":345},"35":{"loc":{"start":{"line":349,"column":24},"end":{"line":351,"column":36}},"type":"cond-expr","locations":[{"start":{"line":350,"column":10},"end":{"line":350,"column":84}},{"start":{"line":351,"column":10},"end":{"line":351,"column":36}}],"line":349},"36":{"loc":{"start":{"line":374,"column":50},"end":{"line":374,"column":71}},"type":"binary-expr","locations":[{"start":{"line":374,"column":50},"end":{"line":374,"column":65}},{"start":{"line":374,"column":69},"end":{"line":374,"column":71}}],"line":374},"37":{"loc":{"start":{"line":384,"column":15},"end":{"line":384,"column":40}},"type":"binary-expr","locations":[{"start":{"line":384,"column":15},"end":{"line":384,"column":33}},{"start":{"line":384,"column":37},"end":{"line":384,"column":40}}],"line":384},"38":{"loc":{"start":{"line":385,"column":15},"end":{"line":385,"column":41}},"type":"binary-expr","locations":[{"start":{"line":385,"column":15},"end":{"line":385,"column":34}},{"start":{"line":385,"column":38},"end":{"line":385,"column":41}}],"line":385},"39":{"loc":{"start":{"line":386,"column":14},"end":{"line":386,"column":38}},"type":"binary-expr","locations":[{"start":{"line":386,"column":14},"end":{"line":386,"column":23}},{"start":{"line":386,"column":27},"end":{"line":386,"column":38}}],"line":386}},"s":{"0":0,"1":0,"2":0,"3":0,"4":0,"5":0,"6":0,"7":0,"8":0,"9":0,"10":0,"11":0,"12":0,"13":0,"14":0,"15":0,"16":0,"17":0,"18":0,"19":0,"20":0,"21":0,"22":0,"23":0,"24":0,"25":0,"26":0,"27":0,"28":0,"29":0,"30":0,"31":0,"32":0,"33":0,"34":0,"35":0,"36":0,"37":0,"38":0,"39":0,"40":0,"41":0,"42":0,"43":0,"44":0,"45":0,"46":0,"47":0,"48":0,"49":0,"50":0,"51":0,"52":0,"53":0,"54":0,"55":0,"56":0,"57":0,"58":0,"59":0,"60":0,"61":0,"62":0,"63":0,"64":0,"65":0,"66":0,"67":0,"68":0,"69":0,"70":0,"71":0,"72":0,"73":0,"74":0,"75":0,"76":0,"77":0,"78":0,"79":0,"80":0,"81":0,"82":0,"83":0,"84":0,"85":0,"86":0,"87":0,"88":0,"89":0,"90":0,"91":0,"92":0,"93":0,"94":0,"95":0,"96":0,"97":0,"98":0,"99":0,"100":0,"101":0,"102":0,"103":0,"104":0,"105":0,"106":0,"107":0,"108":0,"109":0,"110":0,"111":0,"112":0,"113":0,"114":0,"115":0,"116":0,"117":0,"118":0,"119":0,"120":0,"121":0,"122":0,"123":0,"124":0,"125":0,"126":0,"127":0,"128":0,"129":0,"130":0,"131":0,"132":0,"133":0,"134":0,"135":0,"136":0,"137":0,"138":0,"139":0,"140":0,"141":0,"142":0,"143":0},"f":{"0":0,"1":0,"2":0,"3":0,"4":0,"5":0,"6":0,"7":0,"8":0,"9":0,"10":0,"11":0,"12":0,"13":0,"14":0,"15":0,"16":0,"17":0,"18":0,"19":0,"20":0,"21":0},"b":{"0":[0],"1":[0],"2":[0],"3":[0],"4":[0],"5":[0],"6":[0,0],"7":[0],"8":[0],"9":[0],"10":[0],"11":[0,0],"12":[0,0,0,0],"13":[0,0],"14":[0,0],"15":[0,0],"16":[0,0],"17":[0,0],"18":[0,0],"19":[0,0],"20":[0,0],"21":[0,0],"22":[0,0],"23":[0,0],"24":[0,0],"25":[0,0],"26":[0,0],"27":[0,0],"28":[0,0],"29":[0,0],"30":[0,0],"31":[0,0],"32":[0,0],"33":[0,0],"34":[0,0],"35":[0,0],"36":[0,0],"37":[0,0],"38":[0,0],"39":[0,0]}}
,"C:\\xampp\\htdocs\\ADOPTME\\backend\\controllers\\donationController.js": {"path":"C:\\xampp\\htdocs\\ADOPTME\\backend\\controllers\\donationController.js","statementMap":{"0":{"start":{"line":1,"column":17},"end":{"line":1,"column":46}},"1":{"start":{"line":2,"column":17},"end":{"line":2,"column":36}},"2":{"start":{"line":5,"column":0},"end":{"line":13,"column":2}},"3":{"start":{"line":6,"column":2},"end":{"line":12,"column":3}},"4":{"start":{"line":7,"column":21},"end":{"line":7,"column":43}},"5":{"start":{"line":8,"column":4},"end":{"line":8,"column":26}},"6":{"start":{"line":9,"column":4},"end":{"line":9,"column":35}},"7":{"start":{"line":11,"column":4},"end":{"line":11,"column":51}},"8":{"start":{"line":16,"column":0},"end":{"line":28,"column":2}},"9":{"start":{"line":17,"column":2},"end":{"line":27,"column":3}},"10":{"start":{"line":18,"column":21},"end":{"line":18,"column":31}},"11":{"start":{"line":19,"column":4},"end":{"line":21,"column":5}},"12":{"start":{"line":20,"column":6},"end":{"line":20,"column":66}},"13":{"start":{"line":22,"column":25},"end":{"line":22,"column":60}},"14":{"start":{"line":23,"column":23},"end":{"line":23,"column":68}},"15":{"start":{"line":24,"column":4},"end":{"line":24,"column":37}},"16":{"start":{"line":26,"column":4},"end":{"line":26,"column":51}},"17":{"start":{"line":31,"column":0},"end":{"line":42,"column":2}},"18":{"start":{"line":32,"column":2},"end":{"line":41,"column":3}},"19":{"start":{"line":33,"column":25},"end":{"line":33,"column":87}},"20":{"start":{"line":34,"column":18},"end":{"line":37,"column":6}},"21":{"start":{"line":38,"column":4},"end":{"line":38,"column":46}},"22":{"start":{"line":40,"column":4},"end":{"line":40,"column":51}}},"fnMap":{"0":{"name":"(anonymous_0)","decl":{"start":{"line":5,"column":24},"end":{"line":5,"column":25}},"loc":{"start":{"line":5,"column":44},"end":{"line":13,"column":1}},"line":5},"1":{"name":"(anonymous_1)","decl":{"start":{"line":16,"column":25},"end":{"line":16,"column":26}},"loc":{"start":{"line":16,"column":45},"end":{"line":28,"column":1}},"line":16},"2":{"name":"(anonymous_2)","decl":{"start":{"line":31,"column":25},"end":{"line":31,"column":26}},"loc":{"start":{"line":31,"column":45},"end":{"line":42,"column":1}},"line":31}},"branchMap":{"0":{"loc":{"start":{"line":19,"column":4},"end":{"line":21,"column":5}},"type":"if","locations":[{"start":{"line":19,"column":4},"end":{"line":21,"column":5}},{"start":{},"end":{}}],"line":19},"1":{"loc":{"start":{"line":19,"column":8},"end":{"line":19,"column":78}},"type":"binary-expr","locations":[{"start":{"line":19,"column":8},"end":{"line":19,"column":34}},{"start":{"line":19,"column":38},"end":{"line":19,"column":78}}],"line":19},"2":{"loc":{"start":{"line":38,"column":22},"end":{"line":38,"column":42}},"type":"binary-expr","locations":[{"start":{"line":38,"column":22},"end":{"line":38,"column":37}},{"start":{"line":38,"column":41},"end":{"line":38,"column":42}}],"line":38}},"s":{"0":0,"1":0,"2":0,"3":0,"4":0,"5":0,"6":0,"7":0,"8":0,"9":0,"10":0,"11":0,"12":0,"13":0,"14":0,"15":0,"16":0,"17":0,"18":0,"19":0,"20":0,"21":0,"22":0},"f":{"0":0,"1":0,"2":0},"b":{"0":[0,0],"1":[0,0],"2":[0,0]}}
,"C:\\xampp\\htdocs\\ADOPTME\\backend\\controllers\\donationGoalController.js": {"path":"C:\\xampp\\htdocs\\ADOPTME\\backend\\controllers\\donationGoalController.js","statementMap":{"0":{"start":{"line":1,"column":21},"end":{"line":1,"column":54}},"1":{"start":{"line":4,"column":0},"end":{"line":13,"column":2}},"2":{"start":{"line":5,"column":2},"end":{"line":12,"column":3}},"3":{"start":{"line":6,"column":22},"end":{"line":6,"column":48}},"4":{"start":{"line":7,"column":25},"end":{"line":7,"column":47}},"5":{"start":{"line":8,"column":4},"end":{"line":8,"column":39}},"6":{"start":{"line":10,"column":4},"end":{"line":10,"column":47}},"7":{"start":{"line":11,"column":4},"end":{"line":11,"column":67}},"8":{"start":{"line":16,"column":0},"end":{"line":24,"column":2}},"9":{"start":{"line":17,"column":2},"end":{"line":23,"column":3}},"10":{"start":{"line":18,"column":18},"end":{"line":18,"column":67}},"11":{"start":{"line":19,"column":4},"end":{"line":19,"column":20}},"12":{"start":{"line":21,"column":4},"end":{"line":21,"column":50}},"13":{"start":{"line":22,"column":4},"end":{"line":22,"column":67}},"14":{"start":{"line":27,"column":0},"end":{"line":36,"column":2}},"15":{"start":{"line":28,"column":2},"end":{"line":35,"column":3}},"16":{"start":{"line":29,"column":17},"end":{"line":29,"column":85}},"17":{"start":{"line":30,"column":4},"end":{"line":30,"column":80}},"18":{"start":{"line":30,"column":15},"end":{"line":30,"column":80}},"19":{"start":{"line":31,"column":4},"end":{"line":31,"column":19}},"20":{"start":{"line":33,"column":4},"end":{"line":33,"column":59}},"21":{"start":{"line":34,"column":4},"end":{"line":34,"column":73}},"22":{"start":{"line":39,"column":0},"end":{"line":48,"column":2}},"23":{"start":{"line":40,"column":2},"end":{"line":47,"column":3}},"24":{"start":{"line":41,"column":17},"end":{"line":41,"column":93}},"25":{"start":{"line":42,"column":4},"end":{"line":42,"column":78}},"26":{"start":{"line":42,"column":15},"end":{"line":42,"column":78}},"27":{"start":{"line":43,"column":4},"end":{"line":43,"column":19}},"28":{"start":{"line":45,"column":4},"end":{"line":45,"column":48}},"29":{"start":{"line":46,"column":4},"end":{"line":46,"column":51}},"30":{"start":{"line":51,"column":0},"end":{"line":60,"column":2}},"31":{"start":{"line":52,"column":2},"end":{"line":59,"column":3}},"32":{"start":{"line":53,"column":22},"end":{"line":53,"column":73}},"33":{"start":{"line":54,"column":4},"end":{"line":54,"column":83}},"34":{"start":{"line":54,"column":20},"end":{"line":54,"column":83}},"35":{"start":{"line":55,"column":4},"end":{"line":55,"column":44}},"36":{"start":{"line":57,"column":4},"end":{"line":57,"column":50}},"37":{"start":{"line":58,"column":4},"end":{"line":58,"column":51}}},"fnMap":{"0":{"name":"(anonymous_0)","decl":{"start":{"line":4,"column":20},"end":{"line":4,"column":21}},"loc":{"start":{"line":4,"column":40},"end":{"line":13,"column":1}},"line":4},"1":{"name":"(anonymous_1)","decl":{"start":{"line":16,"column":23},"end":{"line":16,"column":24}},"loc":{"start":{"line":16,"column":43},"end":{"line":24,"column":1}},"line":16},"2":{"name":"(anonymous_2)","decl":{"start":{"line":27,"column":28},"end":{"line":27,"column":29}},"loc":{"start":{"line":27,"column":48},"end":{"line":36,"column":1}},"line":27},"3":{"name":"(anonymous_3)","decl":{"start":{"line":39,"column":21},"end":{"line":39,"column":22}},"loc":{"start":{"line":39,"column":41},"end":{"line":48,"column":1}},"line":39},"4":{"name":"(anonymous_4)","decl":{"start":{"line":51,"column":23},"end":{"line":51,"column":24}},"loc":{"start":{"line":51,"column":43},"end":{"line":60,"column":1}},"line":51}},"branchMap":{"0":{"loc":{"start":{"line":30,"column":4},"end":{"line":30,"column":80}},"type":"if","locations":[{"start":{"line":30,"column":4},"end":{"line":30,"column":80}},{"start":{},"end":{}}],"line":30},"1":{"loc":{"start":{"line":42,"column":4},"end":{"line":42,"column":78}},"type":"if","locations":[{"start":{"line":42,"column":4},"end":{"line":42,"column":78}},{"start":{},"end":{}}],"line":42},"2":{"loc":{"start":{"line":54,"column":4},"end":{"line":54,"column":83}},"type":"if","locations":[{"start":{"line":54,"column":4},"end":{"line":54,"column":83}},{"start":{},"end":{}}],"line":54}},"s":{"0":0,"1":0,"2":0,"3":0,"4":0,"5":0,"6":0,"7":0,"8":0,"9":0,"10":0,"11":0,"12":0,"13":0,"14":0,"15":0,"16":0,"17":0,"18":0,"19":0,"20":0,"21":0,"22":0,"23":0,"24":0,"25":0,"26":0,"27":0,"28":0,"29":0,"30":0,"31":0,"32":0,"33":0,"34":0,"35":0,"36":0,"37":0},"f":{"0":0,"1":0,"2":0,"3":0,"4":0},"b":{"0":[0,0],"1":[0,0],"2":[0,0]}}
,"C:\\xampp\\htdocs\\ADOPTME\\backend\\controllers\\mascotaController.js": {"path":"C:\\xampp\\htdocs\\ADOPTME\\backend\\controllers\\mascotaController.js","statementMap":{"0":{"start":{"line":2,"column":16},"end":{"line":2,"column":44}},"1":{"start":{"line":3,"column":17},"end":{"line":3,"column":36}},"2":{"start":{"line":6,"column":18},"end":{"line":6,"column":61}},"3":{"start":{"line":6,"column":26},"end":{"line":6,"column":61}},"4":{"start":{"line":8,"column":11},"end":{"line":8,"column":52}},"5":{"start":{"line":8,"column":26},"end":{"line":8,"column":52}},"6":{"start":{"line":9,"column":16},"end":{"line":9,"column":57}},"7":{"start":{"line":9,"column":31},"end":{"line":9,"column":57}},"8":{"start":{"line":10,"column":19},"end":{"line":11,"column":51}},"9":{"start":{"line":11,"column":2},"end":{"line":11,"column":51}},"10":{"start":{"line":12,"column":17},"end":{"line":13,"column":51}},"11":{"start":{"line":13,"column":2},"end":{"line":13,"column":51}},"12":{"start":{"line":14,"column":20},"end":{"line":15,"column":72}},"13":{"start":{"line":15,"column":2},"end":{"line":15,"column":72}},"14":{"start":{"line":21,"column":22},"end":{"line":30,"column":1}},"15":{"start":{"line":22,"column":16},"end":{"line":22,"column":82}},"16":{"start":{"line":23,"column":2},"end":{"line":25,"column":3}},"17":{"start":{"line":24,"column":4},"end":{"line":24,"column":68}},"18":{"start":{"line":24,"column":28},"end":{"line":24,"column":50}},"19":{"start":{"line":26,"column":2},"end":{"line":28,"column":3}},"20":{"start":{"line":27,"column":4},"end":{"line":27,"column":90}},"21":{"start":{"line":27,"column":43},"end":{"line":27,"column":88}},"22":{"start":{"line":29,"column":2},"end":{"line":29,"column":12}},"23":{"start":{"line":33,"column":15},"end":{"line":38,"column":1}},"24":{"start":{"line":34,"column":2},"end":{"line":36,"column":3}},"25":{"start":{"line":35,"column":4},"end":{"line":35,"column":53}},"26":{"start":{"line":35,"column":10},"end":{"line":35,"column":31}},"27":{"start":{"line":35,"column":42},"end":{"line":35,"column":51}},"28":{"start":{"line":37,"column":2},"end":{"line":37,"column":11}},"29":{"start":{"line":40,"column":22},"end":{"line":49,"column":1}},"30":{"start":{"line":41,"column":14},"end":{"line":41,"column":16}},"31":{"start":{"line":42,"column":13},"end":{"line":42,"column":49}},"32":{"start":{"line":43,"column":2},"end":{"line":47,"column":3}},"33":{"start":{"line":45,"column":14},"end":{"line":45,"column":24}},"34":{"start":{"line":46,"column":4},"end":{"line":46,"column":31}},"35":{"start":{"line":46,"column":11},"end":{"line":46,"column":31}},"36":{"start":{"line":48,"column":2},"end":{"line":48,"column":46}},"37":{"start":{"line":55,"column":4},"end":{"line":59,"column":13}},"38":{"start":{"line":63,"column":4},"end":{"line":65,"column":6}},"39":{"start":{"line":68,"column":2},"end":{"line":71,"column":3}},"40":{"start":{"line":69,"column":4},"end":{"line":69,"column":51}},"41":{"start":{"line":70,"column":4},"end":{"line":70,"column":33}},"42":{"start":{"line":74,"column":17},"end":{"line":74,"column":41}},"43":{"start":{"line":76,"column":18},"end":{"line":88,"column":3}},"44":{"start":{"line":91,"column":2},"end":{"line":100,"column":3}},"45":{"start":{"line":92,"column":19},"end":{"line":92,"column":44}},"46":{"start":{"line":93,"column":4},"end":{"line":99,"column":5}},"47":{"start":{"line":94,"column":6},"end":{"line":94,"column":32}},"48":{"start":{"line":95,"column":11},"end":{"line":99,"column":5}},"49":{"start":{"line":96,"column":6},"end":{"line":96,"column":33}},"50":{"start":{"line":98,"column":6},"end":{"line":98,"column":37}},"51":{"start":{"line":102,"column":2},"end":{"line":104,"column":3}},"52":{"start":{"line":103,"column":4},"end":{"line":103,"column":41}},"53":{"start":{"line":106,"column":2},"end":{"line":106,"column":17}},"54":{"start":{"line":110,"column":0},"end":{"line":134,"column":2}},"55":{"start":{"line":111,"column":2},"end":{"line":133,"column":3}},"56":{"start":{"line":112,"column":4},"end":{"line":112,"column":77}},"57":{"start":{"line":114,"column":20},"end":{"line":114,"column":53}},"58":{"start":{"line":115,"column":21},"end":{"line":115,"column":39}},"59":{"start":{"line":117,"column":25},"end":{"line":121,"column":6}},"60":{"start":{"line":123,"column":28},"end":{"line":123,"column":53}},"61":{"start":{"line":125,"column":4},"end":{"line":129,"column":7}},"62":{"start":{"line":131,"column":4},"end":{"line":131,"column":55}},"63":{"start":{"line":132,"column":4},"end":{"line":132,"column":65}},"64":{"start":{"line":137,"column":0},"end":{"line":144,"column":2}},"65":{"start":{"line":138,"column":2},"end":{"line":143,"column":3}},"66":{"start":{"line":139,"column":21},"end":{"line":139,"column":60}},"67":{"start":{"line":140,"column":4},"end":{"line":140,"column":29}},"68":{"start":{"line":142,"column":4},"end":{"line":142,"column":64}},"69":{"start":{"line":147,"column":0},"end":{"line":161,"column":2}},"70":{"start":{"line":148,"column":2},"end":{"line":160,"column":3}},"71":{"start":{"line":149,"column":15},"end":{"line":149,"column":28}},"72":{"start":{"line":150,"column":4},"end":{"line":152,"column":5}},"73":{"start":{"line":151,"column":6},"end":{"line":151,"column":44}},"74":{"start":{"line":153,"column":20},"end":{"line":153,"column":46}},"75":{"start":{"line":154,"column":4},"end":{"line":156,"column":5}},"76":{"start":{"line":155,"column":6},"end":{"line":155,"column":52}},"77":{"start":{"line":157,"column":4},"end":{"line":157,"column":28}},"78":{"start":{"line":159,"column":4},"end":{"line":159,"column":66}},"79":{"start":{"line":164,"column":0},"end":{"line":194,"column":2}},"80":{"start":{"line":165,"column":2},"end":{"line":193,"column":3}},"81":{"start":{"line":166,"column":15},"end":{"line":166,"column":28}},"82":{"start":{"line":167,"column":4},"end":{"line":169,"column":5}},"83":{"start":{"line":168,"column":6},"end":{"line":168,"column":44}},"84":{"start":{"line":171,"column":20},"end":{"line":171,"column":53}},"85":{"start":{"line":172,"column":17},"end":{"line":172,"column":35}},"86":{"start":{"line":173,"column":4},"end":{"line":173,"column":49}},"87":{"start":{"line":173,"column":25},"end":{"line":173,"column":49}},"88":{"start":{"line":175,"column":31},"end":{"line":179,"column":5}},"89":{"start":{"line":181,"column":4},"end":{"line":183,"column":5}},"90":{"start":{"line":182,"column":6},"end":{"line":182,"column":52}},"91":{"start":{"line":185,"column":4},"end":{"line":189,"column":7}},"92":{"start":{"line":191,"column":4},"end":{"line":191,"column":55}},"93":{"start":{"line":192,"column":4},"end":{"line":192,"column":69}},"94":{"start":{"line":197,"column":0},"end":{"line":212,"column":2}},"95":{"start":{"line":198,"column":2},"end":{"line":211,"column":3}},"96":{"start":{"line":199,"column":15},"end":{"line":199,"column":28}},"97":{"start":{"line":200,"column":4},"end":{"line":202,"column":5}},"98":{"start":{"line":201,"column":6},"end":{"line":201,"column":44}},"99":{"start":{"line":204,"column":20},"end":{"line":204,"column":55}},"100":{"start":{"line":205,"column":4},"end":{"line":207,"column":5}},"101":{"start":{"line":206,"column":6},"end":{"line":206,"column":52}},"102":{"start":{"line":208,"column":4},"end":{"line":208,"column":82}},"103":{"start":{"line":210,"column":4},"end":{"line":210,"column":67}},"104":{"start":{"line":215,"column":0},"end":{"line":234,"column":2}},"105":{"start":{"line":216,"column":2},"end":{"line":233,"column":3}},"106":{"start":{"line":217,"column":17},"end":{"line":217,"column":34}},"107":{"start":{"line":220,"column":4},"end":{"line":222,"column":5}},"108":{"start":{"line":221,"column":6},"end":{"line":221,"column":59}},"109":{"start":{"line":224,"column":4},"end":{"line":224,"column":41}},"110":{"start":{"line":225,"column":4},"end":{"line":227,"column":5}},"111":{"start":{"line":226,"column":6},"end":{"line":226,"column":49}},"112":{"start":{"line":229,"column":21},"end":{"line":229,"column":68}},"113":{"start":{"line":230,"column":4},"end":{"line":230,"column":29}},"114":{"start":{"line":232,"column":4},"end":{"line":232,"column":75}}},"fnMap":{"0":{"name":"(anonymous_0)","decl":{"start":{"line":6,"column":18},"end":{"line":6,"column":19}},"loc":{"start":{"line":6,"column":26},"end":{"line":6,"column":61}},"line":6},"1":{"name":"(anonymous_1)","decl":{"start":{"line":8,"column":11},"end":{"line":8,"column":12}},"loc":{"start":{"line":8,"column":26},"end":{"line":8,"column":52}},"line":8},"2":{"name":"(anonymous_2)","decl":{"start":{"line":9,"column":16},"end":{"line":9,"column":17}},"loc":{"start":{"line":9,"column":31},"end":{"line":9,"column":57}},"line":9},"3":{"name":"(anonymous_3)","decl":{"start":{"line":10,"column":19},"end":{"line":10,"column":20}},"loc":{"start":{"line":11,"column":2},"end":{"line":11,"column":51}},"line":11},"4":{"name":"(anonymous_4)","decl":{"start":{"line":12,"column":17},"end":{"line":12,"column":18}},"loc":{"start":{"line":13,"column":2},"end":{"line":13,"column":51}},"line":13},"5":{"name":"(anonymous_5)","decl":{"start":{"line":14,"column":20},"end":{"line":14,"column":21}},"loc":{"start":{"line":15,"column":2},"end":{"line":15,"column":72}},"line":15},"6":{"name":"(anonymous_6)","decl":{"start":{"line":21,"column":22},"end":{"line":21,"column":23}},"loc":{"start":{"line":21,"column":31},"end":{"line":30,"column":1}},"line":21},"7":{"name":"(anonymous_7)","decl":{"start":{"line":24,"column":21},"end":{"line":24,"column":22}},"loc":{"start":{"line":24,"column":28},"end":{"line":24,"column":50}},"line":24},"8":{"name":"(anonymous_8)","decl":{"start":{"line":27,"column":36},"end":{"line":27,"column":37}},"loc":{"start":{"line":27,"column":43},"end":{"line":27,"column":88}},"line":27},"9":{"name":"(anonymous_9)","decl":{"start":{"line":33,"column":15},"end":{"line":33,"column":16}},"loc":{"start":{"line":33,"column":22},"end":{"line":38,"column":1}},"line":33},"10":{"name":"(anonymous_10)","decl":{"start":{"line":40,"column":22},"end":{"line":40,"column":23}},"loc":{"start":{"line":40,"column":40},"end":{"line":49,"column":1}},"line":40},"11":{"name":"normalizeMascotaPayload","decl":{"start":{"line":52,"column":9},"end":{"line":52,"column":32}},"loc":{"start":{"line":52,"column":44},"end":{"line":107,"column":1}},"line":52},"12":{"name":"(anonymous_12)","decl":{"start":{"line":110,"column":24},"end":{"line":110,"column":25}},"loc":{"start":{"line":110,"column":44},"end":{"line":134,"column":1}},"line":110},"13":{"name":"(anonymous_13)","decl":{"start":{"line":137,"column":22},"end":{"line":137,"column":23}},"loc":{"start":{"line":137,"column":43},"end":{"line":144,"column":1}},"line":137},"14":{"name":"(anonymous_14)","decl":{"start":{"line":147,"column":25},"end":{"line":147,"column":26}},"loc":{"start":{"line":147,"column":45},"end":{"line":161,"column":1}},"line":147},"15":{"name":"(anonymous_15)","decl":{"start":{"line":164,"column":24},"end":{"line":164,"column":25}},"loc":{"start":{"line":164,"column":44},"end":{"line":194,"column":1}},"line":164},"16":{"name":"(anonymous_16)","decl":{"start":{"line":197,"column":24},"end":{"line":197,"column":25}},"loc":{"start":{"line":197,"column":44},"end":{"line":212,"column":1}},"line":197},"17":{"name":"(anonymous_17)","decl":{"start":{"line":215,"column":31},"end":{"line":215,"column":32}},"loc":{"start":{"line":215,"column":51},"end":{"line":234,"column":1}},"line":215}},"branchMap":{"0":{"loc":{"start":{"line":22,"column":16},"end":{"line":22,"column":82}},"type":"cond-expr","locations":[{"start":{"line":22,"column":43},"end":{"line":22,"column":52}},{"start":{"line":22,"column":56},"end":{"line":22,"column":81}}],"line":22},"1":{"loc":{"start":{"line":22,"column":56},"end":{"line":22,"column":81}},"type":"binary-expr","locations":[{"start":{"line":22,"column":56},"end":{"line":22,"column":75}},{"start":{"line":22,"column":79},"end":{"line":22,"column":81}}],"line":22},"2":{"loc":{"start":{"line":23,"column":2},"end":{"line":25,"column":3}},"type":"if","locations":[{"start":{"line":23,"column":2},"end":{"line":25,"column":3}},{"start":{},"end":{}}],"line":23},"3":{"loc":{"start":{"line":24,"column":28},"end":{"line":24,"column":50}},"type":"binary-expr","locations":[{"start":{"line":24,"column":28},"end":{"line":24,"column":34}},{"start":{"line":24,"column":38},"end":{"line":24,"column":50}}],"line":24},"4":{"loc":{"start":{"line":26,"column":2},"end":{"line":28,"column":3}},"type":"if","locations":[{"start":{"line":26,"column":2},"end":{"line":28,"column":3}},{"start":{},"end":{}}],"line":26},"5":{"loc":{"start":{"line":27,"column":43},"end":{"line":27,"column":88}},"type":"binary-expr","locations":[{"start":{"line":27,"column":43},"end":{"line":27,"column":64}},{"start":{"line":27,"column":68},"end":{"line":27,"column":88}}],"line":27},"6":{"loc":{"start":{"line":34,"column":2},"end":{"line":36,"column":3}},"type":"if","locations":[{"start":{"line":34,"column":2},"end":{"line":36,"column":3}},{"start":{},"end":{}}],"line":34},"7":{"loc":{"start":{"line":43,"column":30},"end":{"line":43,"column":40}},"type":"binary-expr","locations":[{"start":{"line":43,"column":30},"end":{"line":43,"column":34}},{"start":{"line":43,"column":38},"end":{"line":43,"column":40}}],"line":43},"8":{"loc":{"start":{"line":46,"column":4},"end":{"line":46,"column":31}},"type":"if","locations":[{"start":{"line":46,"column":4},"end":{"line":46,"column":31}},{"start":{},"end":{}}],"line":46},"9":{"loc":{"start":{"line":48,"column":9},"end":{"line":48,"column":45}},"type":"cond-expr","locations":[{"start":{"line":48,"column":35},"end":{"line":48,"column":38}},{"start":{"line":48,"column":41},"end":{"line":48,"column":45}}],"line":48},"10":{"loc":{"start":{"line":52,"column":33},"end":{"line":52,"column":42}},"type":"default-arg","locations":[{"start":{"line":52,"column":40},"end":{"line":52,"column":42}}],"line":52},"11":{"loc":{"start":{"line":55,"column":4},"end":{"line":59,"column":13}},"type":"binary-expr","locations":[{"start":{"line":55,"column":4},"end":{"line":55,"column":15}},{"start":{"line":56,"column":4},"end":{"line":56,"column":18}},{"start":{"line":57,"column":4},"end":{"line":57,"column":32}},{"start":{"line":58,"column":4},"end":{"line":58,"column":36}},{"start":{"line":59,"column":4},"end":{"line":59,"column":13}}],"line":55},"12":{"loc":{"start":{"line":63,"column":4},"end":{"line":65,"column":6}},"type":"binary-expr","locations":[{"start":{"line":63,"column":4},"end":{"line":63,"column":32}},{"start":{"line":64,"column":4},"end":{"line":64,"column":42}},{"start":{"line":65,"column":4},"end":{"line":65,"column":6}}],"line":63},"13":{"loc":{"start":{"line":68,"column":2},"end":{"line":71,"column":3}},"type":"if","locations":[{"start":{"line":68,"column":2},"end":{"line":71,"column":3}},{"start":{},"end":{}}],"line":68},"14":{"loc":{"start":{"line":68,"column":6},"end":{"line":68,"column":54}},"type":"binary-expr","locations":[{"start":{"line":68,"column":6},"end":{"line":68,"column":27}},{"start":{"line":68,"column":31},"end":{"line":68,"column":54}}],"line":68},"15":{"loc":{"start":{"line":74,"column":17},"end":{"line":74,"column":41}},"type":"binary-expr","locations":[{"start":{"line":74,"column":17},"end":{"line":74,"column":28}},{"start":{"line":74,"column":32},"end":{"line":74,"column":41}}],"line":74},"16":{"loc":{"start":{"line":91,"column":2},"end":{"line":100,"column":3}},"type":"if","locations":[{"start":{"line":91,"column":2},"end":{"line":100,"column":3}},{"start":{},"end":{}}],"line":91},"17":{"loc":{"start":{"line":93,"column":4},"end":{"line":99,"column":5}},"type":"if","locations":[{"start":{"line":93,"column":4},"end":{"line":99,"column":5}},{"start":{"line":95,"column":11},"end":{"line":99,"column":5}}],"line":93},"18":{"loc":{"start":{"line":95,"column":11},"end":{"line":99,"column":5}},"type":"if","locations":[{"start":{"line":95,"column":11},"end":{"line":99,"column":5}},{"start":{"line":97,"column":11},"end":{"line":99,"column":5}}],"line":95},"19":{"loc":{"start":{"line":102,"column":2},"end":{"line":104,"column":3}},"type":"if","locations":[{"start":{"line":102,"column":2},"end":{"line":104,"column":3}},{"start":{},"end":{}}],"line":102},"20":{"loc":{"start":{"line":120,"column":10},"end":{"line":120,"column":90}},"type":"cond-expr","locations":[{"start":{"line":120,"column":52},"end":{"line":120,"column":85}},{"start":{"line":120,"column":88},"end":{"line":120,"column":90}}],"line":120},"21":{"loc":{"start":{"line":150,"column":4},"end":{"line":152,"column":5}},"type":"if","locations":[{"start":{"line":150,"column":4},"end":{"line":152,"column":5}},{"start":{},"end":{}}],"line":150},"22":{"loc":{"start":{"line":154,"column":4},"end":{"line":156,"column":5}},"type":"if","locations":[{"start":{"line":154,"column":4},"end":{"line":156,"column":5}},{"start":{},"end":{}}],"line":154},"23":{"loc":{"start":{"line":167,"column":4},"end":{"line":169,"column":5}},"type":"if","locations":[{"start":{"line":167,"column":4},"end":{"line":169,"column":5}},{"start":{},"end":{}}],"line":167},"24":{"loc":{"start":{"line":173,"column":4},"end":{"line":173,"column":49}},"type":"if","locations":[{"start":{"line":173,"column":4},"end":{"line":173,"column":49}},{"start":{},"end":{}}],"line":173},"25":{"loc":{"start":{"line":181,"column":4},"end":{"line":183,"column":5}},"type":"if","locations":[{"start":{"line":181,"column":4},"end":{"line":183,"column":5}},{"start":{},"end":{}}],"line":181},"26":{"loc":{"start":{"line":200,"column":4},"end":{"line":202,"column":5}},"type":"if","locations":[{"start":{"line":200,"column":4},"end":{"line":202,"column":5}},{"start":{},"end":{}}],"line":200},"27":{"loc":{"start":{"line":205,"column":4},"end":{"line":207,"column":5}},"type":"if","locations":[{"start":{"line":205,"column":4},"end":{"line":207,"column":5}},{"start":{},"end":{}}],"line":205},"28":{"loc":{"start":{"line":220,"column":4},"end":{"line":222,"column":5}},"type":"if","locations":[{"start":{"line":220,"column":4},"end":{"line":222,"column":5}},{"start":{},"end":{}}],"line":220},"29":{"loc":{"start":{"line":225,"column":4},"end":{"line":227,"column":5}},"type":"if","locations":[{"start":{"line":225,"column":4},"end":{"line":227,"column":5}},{"start":{},"end":{}}],"line":225}},"s":{"0":0,"1":0,"2":0,"3":0,"4":0,"5":0,"6":0,"7":0,"8":0,"9":0,"10":0,"11":0,"12":0,"13":0,"14":0,"15":0,"16":0,"17":0,"18":0,"19":0,"20":0,"21":0,"22":0,"23":0,"24":0,"25":0,"26":0,"27":0,"28":0,"29":0,"30":0,"31":0,"32":0,"33":0,"34":0,"35":0,"36":0,"37":0,"38":0,"39":0,"40":0,"41":0,"42":0,"43":0,"44":0,"45":0,"46":0,"47":0,"48":0,"49":0,"50":0,"51":0,"52":0,"53":0,"54":0,"55":0,"56":0,"57":0,"58":0,"59":0,"60":0,"61":0,"62":0,"63":0,"64":0,"65":0,"66":0,"67":0,"68":0,"69":0,"70":0,"71":0,"72":0,"73":0,"74":0,"75":0,"76":0,"77":0,"78":0,"79":0,"80":0,"81":0,"82":0,"83":0,"84":0,"85":0,"86":0,"87":0,"88":0,"89":0,"90":0,"91":0,"92":0,"93":0,"94":0,"95":0,"96":0,"97":0,"98":0,"99":0,"100":0,"101":0,"102":0,"103":0,"104":0,"105":0,"106":0,"107":0,"108":0,"109":0,"110":0,"111":0,"112":0,"113":0,"114":0},"f":{"0":0,"1":0,"2":0,"3":0,"4":0,"5":0,"6":0,"7":0,"8":0,"9":0,"10":0,"11":0,"12":0,"13":0,"14":0,"15":0,"16":0,"17":0},"b":{"0":[0,0],"1":[0,0],"2":[0,0],"3":[0,0],"4":[0,0],"5":[0,0],"6":[0,0],"7":[0,0],"8":[0,0],"9":[0,0],"10":[0],"11":[0,0,0,0,0],"12":[0,0,0],"13":[0,0],"14":[0,0],"15":[0,0],"16":[0,0],"17":[0,0],"18":[0,0],"19":[0,0],"20":[0,0],"21":[0,0],"22":[0,0],"23":[0,0],"24":[0,0],"25":[0,0],"26":[0,0],"27":[0,0],"28":[0,0],"29":[0,0]}}
,"C:\\xampp\\htdocs\\ADOPTME\\backend\\controllers\\necesidadController.js": {"path":"C:\\xampp\\htdocs\\ADOPTME\\backend\\controllers\\necesidadController.js","statementMap":{"0":{"start":{"line":1,"column":13},"end":{"line":1,"column":38}},"1":{"start":{"line":2,"column":19},"end":{"line":2,"column":50}},"2":{"start":{"line":3,"column":17},"end":{"line":3,"column":36}},"3":{"start":{"line":7,"column":2},"end":{"line":7,"column":107}},"4":{"start":{"line":10,"column":22},"end":{"line":10,"column":75}},"5":{"start":{"line":11,"column":24},"end":{"line":11,"column":58}},"6":{"start":{"line":12,"column":25},"end":{"line":12,"column":99}},"7":{"start":{"line":13,"column":20},"end":{"line":20,"column":2}},"8":{"start":{"line":23,"column":17},"end":{"line":27,"column":1}},"9":{"start":{"line":24,"column":2},"end":{"line":24,"column":48}},"10":{"start":{"line":24,"column":37},"end":{"line":24,"column":48}},"11":{"start":{"line":25,"column":14},"end":{"line":25,"column":23}},"12":{"start":{"line":26,"column":2},"end":{"line":26,"column":39}},"13":{"start":{"line":29,"column":15},"end":{"line":34,"column":1}},"14":{"start":{"line":30,"column":2},"end":{"line":30,"column":48}},"15":{"start":{"line":30,"column":37},"end":{"line":30,"column":48}},"16":{"start":{"line":31,"column":2},"end":{"line":31,"column":39}},"17":{"start":{"line":31,"column":30},"end":{"line":31,"column":39}},"18":{"start":{"line":32,"column":12},"end":{"line":32,"column":42}},"19":{"start":{"line":33,"column":2},"end":{"line":33,"column":49}},"20":{"start":{"line":36,"column":19},"end":{"line":39,"column":1}},"21":{"start":{"line":37,"column":2},"end":{"line":37,"column":61}},"22":{"start":{"line":37,"column":49},"end":{"line":37,"column":61}},"23":{"start":{"line":38,"column":2},"end":{"line":38,"column":11}},"24":{"start":{"line":41,"column":23},"end":{"line":45,"column":1}},"25":{"start":{"line":42,"column":2},"end":{"line":42,"column":31}},"26":{"start":{"line":42,"column":15},"end":{"line":42,"column":31}},"27":{"start":{"line":43,"column":14},"end":{"line":43,"column":49}},"28":{"start":{"line":44,"column":2},"end":{"line":44,"column":49}},"29":{"start":{"line":47,"column":25},"end":{"line":51,"column":1}},"30":{"start":{"line":48,"column":2},"end":{"line":48,"column":31}},"31":{"start":{"line":48,"column":17},"end":{"line":48,"column":31}},"32":{"start":{"line":49,"column":14},"end":{"line":49,"column":51}},"33":{"start":{"line":50,"column":2},"end":{"line":50,"column":49}},"34":{"start":{"line":53,"column":26},"end":{"line":57,"column":1}},"35":{"start":{"line":54,"column":2},"end":{"line":54,"column":32}},"36":{"start":{"line":54,"column":18},"end":{"line":54,"column":32}},"37":{"start":{"line":55,"column":14},"end":{"line":55,"column":52}},"38":{"start":{"line":56,"column":2},"end":{"line":56,"column":50}},"39":{"start":{"line":59,"column":24},"end":{"line":62,"column":1}},"40":{"start":{"line":60,"column":2},"end":{"line":60,"column":61}},"41":{"start":{"line":60,"column":49},"end":{"line":60,"column":61}},"42":{"start":{"line":61,"column":2},"end":{"line":61,"column":31}},"43":{"start":{"line":64,"column":21},"end":{"line":67,"column":1}},"44":{"start":{"line":65,"column":2},"end":{"line":65,"column":40}},"45":{"start":{"line":65,"column":13},"end":{"line":65,"column":40}},"46":{"start":{"line":66,"column":2},"end":{"line":66,"column":60}},"47":{"start":{"line":69,"column":19},"end":{"line":73,"column":1}},"48":{"start":{"line":70,"column":2},"end":{"line":70,"column":23}},"49":{"start":{"line":70,"column":11},"end":{"line":70,"column":23}},"50":{"start":{"line":71,"column":16},"end":{"line":71,"column":33}},"51":{"start":{"line":72,"column":2},"end":{"line":72,"column":56}},"52":{"start":{"line":76,"column":22},"end":{"line":79,"column":8}},"53":{"start":{"line":77,"column":2},"end":{"line":79,"column":8}},"54":{"start":{"line":82,"column":31},"end":{"line":91,"column":1}},"55":{"start":{"line":83,"column":17},"end":{"line":83,"column":19}},"56":{"start":{"line":84,"column":2},"end":{"line":86,"column":3}},"57":{"start":{"line":85,"column":4},"end":{"line":85,"column":42}},"58":{"start":{"line":87,"column":2},"end":{"line":89,"column":3}},"59":{"start":{"line":88,"column":4},"end":{"line":88,"column":53}},"60":{"start":{"line":90,"column":2},"end":{"line":90,"column":16}},"61":{"start":{"line":94,"column":19},"end":{"line":110,"column":1}},"62":{"start":{"line":95,"column":16},"end":{"line":95,"column":18}},"63":{"start":{"line":97,"column":2},"end":{"line":97,"column":61}},"64":{"start":{"line":97,"column":19},"end":{"line":97,"column":61}},"65":{"start":{"line":99,"column":2},"end":{"line":99,"column":54}},"66":{"start":{"line":100,"column":2},"end":{"line":100,"column":51}},"67":{"start":{"line":102,"column":2},"end":{"line":102,"column":91}},"68":{"start":{"line":102,"column":29},"end":{"line":102,"column":91}},"69":{"start":{"line":103,"column":2},"end":{"line":103,"column":91}},"70":{"start":{"line":103,"column":35},"end":{"line":103,"column":91}},"71":{"start":{"line":104,"column":2},"end":{"line":104,"column":91}},"72":{"start":{"line":104,"column":35},"end":{"line":104,"column":91}},"73":{"start":{"line":105,"column":2},"end":{"line":105,"column":87}},"74":{"start":{"line":105,"column":38},"end":{"line":105,"column":87}},"75":{"start":{"line":106,"column":2},"end":{"line":106,"column":76}},"76":{"start":{"line":106,"column":33},"end":{"line":106,"column":76}},"77":{"start":{"line":107,"column":2},"end":{"line":107,"column":80}},"78":{"start":{"line":107,"column":34},"end":{"line":107,"column":80}},"79":{"start":{"line":109,"column":2},"end":{"line":109,"column":15}},"80":{"start":{"line":113,"column":26},"end":{"line":130,"column":1}},"81":{"start":{"line":114,"column":2},"end":{"line":114,"column":58}},"82":{"start":{"line":114,"column":46},"end":{"line":114,"column":58}},"83":{"start":{"line":116,"column":22},"end":{"line":116,"column":53}},"84":{"start":{"line":117,"column":20},"end":{"line":120,"column":3}},"85":{"start":{"line":122,"column":2},"end":{"line":128,"column":3}},"86":{"start":{"line":123,"column":4},"end":{"line":127,"column":5}},"87":{"start":{"line":124,"column":6},"end":{"line":124,"column":81}},"88":{"start":{"line":126,"column":6},"end":{"line":126,"column":71}},"89":{"start":{"line":129,"column":2},"end":{"line":129,"column":19}},"90":{"start":{"line":133,"column":23},"end":{"line":137,"column":1}},"91":{"start":{"line":134,"column":2},"end":{"line":136,"column":3}},"92":{"start":{"line":135,"column":4},"end":{"line":135,"column":22}},"93":{"start":{"line":140,"column":0},"end":{"line":196,"column":2}},"94":{"start":{"line":141,"column":2},"end":{"line":195,"column":3}},"95":{"start":{"line":142,"column":17},"end":{"line":142,"column":31}},"96":{"start":{"line":144,"column":4},"end":{"line":146,"column":5}},"97":{"start":{"line":145,"column":6},"end":{"line":145,"column":88}},"98":{"start":{"line":148,"column":27},"end":{"line":148,"column":85}},"99":{"start":{"line":149,"column":4},"end":{"line":151,"column":5}},"100":{"start":{"line":150,"column":6},"end":{"line":150,"column":85}},"101":{"start":{"line":152,"column":24},"end":{"line":152,"column":51}},"102":{"start":{"line":153,"column":27},"end":{"line":153,"column":60}},"103":{"start":{"line":154,"column":26},"end":{"line":154,"column":57}},"104":{"start":{"line":155,"column":25},"end":{"line":155,"column":54}},"105":{"start":{"line":156,"column":29},"end":{"line":156,"column":57}},"106":{"start":{"line":157,"column":24},"end":{"line":157,"column":50}},"107":{"start":{"line":158,"column":34},"end":{"line":158,"column":70}},"108":{"start":{"line":159,"column":26},"end":{"line":159,"column":52}},"109":{"start":{"line":160,"column":26},"end":{"line":160,"column":52}},"110":{"start":{"line":162,"column":4},"end":{"line":164,"column":5}},"111":{"start":{"line":163,"column":6},"end":{"line":163,"column":78}},"112":{"start":{"line":166,"column":24},"end":{"line":166,"column":71}},"113":{"start":{"line":167,"column":22},"end":{"line":167,"column":56}},"114":{"start":{"line":168,"column":4},"end":{"line":170,"column":5}},"115":{"start":{"line":169,"column":6},"end":{"line":169,"column":88}},"116":{"start":{"line":173,"column":25},"end":{"line":186,"column":5}},"117":{"start":{"line":188,"column":17},"end":{"line":188,"column":39}},"118":{"start":{"line":189,"column":4},"end":{"line":189,"column":22}},"119":{"start":{"line":191,"column":4},"end":{"line":191,"column":58}},"120":{"start":{"line":193,"column":4},"end":{"line":193,"column":45}},"121":{"start":{"line":194,"column":4},"end":{"line":194,"column":84}},"122":{"start":{"line":199,"column":0},"end":{"line":231,"column":2}},"123":{"start":{"line":200,"column":2},"end":{"line":230,"column":3}},"124":{"start":{"line":201,"column":108},"end":{"line":201,"column":117}},"125":{"start":{"line":203,"column":19},"end":{"line":203,"column":36}},"126":{"start":{"line":204,"column":4},"end":{"line":204,"column":55}},"127":{"start":{"line":204,"column":16},"end":{"line":204,"column":55}},"128":{"start":{"line":205,"column":4},"end":{"line":205,"column":67}},"129":{"start":{"line":205,"column":19},"end":{"line":205,"column":67}},"130":{"start":{"line":206,"column":4},"end":{"line":206,"column":63}},"131":{"start":{"line":206,"column":18},"end":{"line":206,"column":63}},"132":{"start":{"line":208,"column":4},"end":{"line":211,"column":5}},"133":{"start":{"line":209,"column":23},"end":{"line":209,"column":39}},"134":{"start":{"line":210,"column":6},"end":{"line":210,"column":58}},"135":{"start":{"line":213,"column":16},"end":{"line":213,"column":63}},"136":{"start":{"line":214,"column":16},"end":{"line":214,"column":46}},"137":{"start":{"line":215,"column":17},"end":{"line":215,"column":32}},"138":{"start":{"line":216,"column":22},"end":{"line":216,"column":40}},"139":{"start":{"line":219,"column":23},"end":{"line":219,"column":46}},"140":{"start":{"line":221,"column":26},"end":{"line":224,"column":6}},"141":{"start":{"line":226,"column":4},"end":{"line":226,"column":89}},"142":{"start":{"line":228,"column":4},"end":{"line":228,"column":45}},"143":{"start":{"line":229,"column":4},"end":{"line":229,"column":87}},"144":{"start":{"line":234,"column":0},"end":{"line":250,"column":2}},"145":{"start":{"line":235,"column":2},"end":{"line":249,"column":3}},"146":{"start":{"line":236,"column":20},"end":{"line":236,"column":45}},"147":{"start":{"line":237,"column":4},"end":{"line":237,"column":85}},"148":{"start":{"line":237,"column":18},"end":{"line":237,"column":85}},"149":{"start":{"line":239,"column":17},"end":{"line":239,"column":45}},"150":{"start":{"line":240,"column":4},"end":{"line":240,"column":94}},"151":{"start":{"line":240,"column":15},"end":{"line":240,"column":94}},"152":{"start":{"line":242,"column":4},"end":{"line":242,"column":25}},"153":{"start":{"line":243,"column":4},"end":{"line":243,"column":22}},"154":{"start":{"line":245,"column":4},"end":{"line":245,"column":46}},"155":{"start":{"line":247,"column":4},"end":{"line":247,"column":43}},"156":{"start":{"line":248,"column":4},"end":{"line":248,"column":86}},"157":{"start":{"line":253,"column":0},"end":{"line":274,"column":2}},"158":{"start":{"line":254,"column":2},"end":{"line":273,"column":3}},"159":{"start":{"line":255,"column":20},"end":{"line":255,"column":45}},"160":{"start":{"line":256,"column":4},"end":{"line":256,"column":85}},"161":{"start":{"line":256,"column":18},"end":{"line":256,"column":85}},"162":{"start":{"line":258,"column":17},"end":{"line":258,"column":45}},"163":{"start":{"line":259,"column":4},"end":{"line":259,"column":94}},"164":{"start":{"line":259,"column":15},"end":{"line":259,"column":94}},"165":{"start":{"line":261,"column":18},"end":{"line":261,"column":50}},"166":{"start":{"line":262,"column":22},"end":{"line":262,"column":56}},"167":{"start":{"line":263,"column":4},"end":{"line":263,"column":53}},"168":{"start":{"line":263,"column":19},"end":{"line":263,"column":53}},"169":{"start":{"line":265,"column":4},"end":{"line":265,"column":31}},"170":{"start":{"line":266,"column":4},"end":{"line":266,"column":25}},"171":{"start":{"line":267,"column":4},"end":{"line":267,"column":22}},"172":{"start":{"line":269,"column":4},"end":{"line":269,"column":46}},"173":{"start":{"line":271,"column":4},"end":{"line":271,"column":41}},"174":{"start":{"line":272,"column":4},"end":{"line":272,"column":89}},"175":{"start":{"line":277,"column":0},"end":{"lin
[...]
,"C:\\xampp\\htdocs\\ADOPTME\\backend\\routes\\paypalRoutes.js": {"path":"C:\\xampp\\htdocs\\ADOPTME\\backend\\routes\\paypalRoutes.js","statementMap":{"0":{"start":{"line":1,"column":16},"end":{"line":1,"column":34}},"1":{"start":{"line":2,"column":15},"end":{"line":2,"column":31}},"2":{"start":{"line":3,"column":14},"end":{"line":3,"column":30}},"3":{"start":{"line":4,"column":17},"end":{"line":4,"column":46}},"4":{"start":{"line":5,"column":21},"end":{"line":5,"column":54}},"5":{"start":{"line":7,"column":0},"end":{"line":52,"column":3}},"6":{"start":{"line":8,"column":15},"end":{"line":8,"column":23}},"7":{"start":{"line":9,"column":23},"end":{"line":9,"column":85}},"8":{"start":{"line":11,"column":2},"end":{"line":51,"column":3}},"9":{"start":{"line":12,"column":22},"end":{"line":20,"column":5}},"10":{"start":{"line":22,"column":4},"end":{"line":45,"column":5}},"11":{"start":{"line":23,"column":67},"end":{"line":23,"column":71}},"12":{"start":{"line":25,"column":6},"end":{"line":44,"column":7}},"13":{"start":{"line":27,"column":27},"end":{"line":27,"column":95}},"14":{"start":{"line":29,"column":8},"end":{"line":32,"column":9}},"15":{"start":{"line":30,"column":10},"end":{"line":30,"column":82}},"16":{"start":{"line":31,"column":10},"end":{"line":31,"column":37}},"17":{"start":{"line":34,"column":25},"end":{"line":40,"column":10}},"18":{"start":{"line":42,"column":8},"end":{"line":42,"column":30}},"19":{"start":{"line":43,"column":8},"end":{"line":43,"column":69}},"20":{"start":{"line":47,"column":4},"end":{"line":47,"column":24}},"21":{"start":{"line":49,"column":4},"end":{"line":49,"column":61}},"22":{"start":{"line":50,"column":4},"end":{"line":50,"column":24}},"23":{"start":{"line":54,"column":0},"end":{"line":54,"column":24}}},"fnMap":{"0":{"name":"(anonymous_0)","decl":{"start":{"line":7,"column":20},"end":{"line":7,"column":21}},"loc":{"start":{"line":7,"column":40},"end":{"line":52,"column":1}},"line":7}},"branchMap":{"0":{"loc":{"start":{"line":22,"column":4},"end":{"line":45,"column":5}},"type":"if","locations":[{"start":{"line":22,"column":4},"end":{"line":45,"column":5}},{"start":{},"end":{}}],"line":22},"1":{"loc":{"start":{"line":25,"column":6},"end":{"line":44,"column":7}},"type":"if","locations":[{"start":{"line":25,"column":6},"end":{"line":44,"column":7}},{"start":{},"end":{}}],"line":25},"2":{"loc":{"start":{"line":29,"column":8},"end":{"line":32,"column":9}},"type":"if","locations":[{"start":{"line":29,"column":8},"end":{"line":32,"column":9}},{"start":{},"end":{}}],"line":29},"3":{"loc":{"start":{"line":35,"column":18},"end":{"line":35,"column":48}},"type":"binary-expr","locations":[{"start":{"line":35,"column":18},"end":{"line":35,"column":27}},{"start":{"line":35,"column":31},"end":{"line":35,"column":48}}],"line":35}},"s":{"0":0,"1":0,"2":0,"3":0,"4":0,"5":0,"6":0,"7":0,"8":0,"9":0,"10":0,"11":0,"12":0,"13":0,"14":0,"15":0,"16":0,"17":0,"18":0,"19":0,"20":0,"21":0,"22":0,"23":0},"f":{"0":0},"b":{"0":[0,0],"1":[0,0],"2":[0,0],"3":[0,0]}}
,"C:\\xampp\\htdocs\\ADOPTME\\backend\\routes\\procesoAdopcionRoutes.js": {"path":"C:\\xampp\\htdocs\\ADOPTME\\backend\\routes\\procesoAdopcionRoutes.js","statementMap":{"0":{"start":{"line":1,"column":16},"end":{"line":1,"column":34}},"1":{"start":{"line":2,"column":15},"end":{"line":2,"column":31}},"2":{"start":{"line":3,"column":19},"end":{"line":3,"column":70}},"3":{"start":{"line":4,"column":24},"end":{"line":4,"column":57}},"4":{"start":{"line":5,"column":22},"end":{"line":5,"column":52}},"5":{"start":{"line":6,"column":29},"end":{"line":6,"column":81}},"6":{"start":{"line":8,"column":0},"end":{"line":13,"column":2}},"7":{"start":{"line":16,"column":0},"end":{"line":16,"column":68}},"8":{"start":{"line":19,"column":0},"end":{"line":24,"column":2}},"9":{"start":{"line":27,"column":0},"end":{"line":32,"column":2}},"10":{"start":{"line":35,"column":0},"end":{"line":41,"column":2}},"11":{"start":{"line":45,"column":0},"end":{"line":50,"column":2}},"12":{"start":{"line":53,"column":0},"end":{"line":58,"column":2}},"13":{"start":{"line":61,"column":0},"end":{"line":65,"column":2}},"14":{"start":{"line":68,"column":0},"end":{"line":73,"column":2}},"15":{"start":{"line":76,"column":0},"end":{"line":81,"column":2}},"16":{"start":{"line":83,"column":0},"end":{"line":83,"column":111}},"17":{"start":{"line":86,"column":0},"end":{"line":86,"column":24}}},"fnMap":{},"branchMap":{},"s":{"0":0,"1":0,"2":0,"3":0,"4":0,"5":0,"6":0,"7":0,"8":0,"9":0,"10":0,"11":0,"12":0,"13":0,"14":0,"15":0,"16":0,"17":0},"f":{},"b":{}}
,"C:\\xampp\\htdocs\\ADOPTME\\backend\\routes\\solicitudAdopcionRoutes.js": {"path":"C:\\xampp\\htdocs\\ADOPTME\\backend\\routes\\solicitudAdopcionRoutes.js","statementMap":{"0":{"start":{"line":1,"column":16},"end":{"line":1,"column":34}},"1":{"start":{"line":2,"column":15},"end":{"line":2,"column":31}},"2":{"start":{"line":4,"column":19},"end":{"line":4,"column":72}},"3":{"start":{"line":5,"column":25},"end":{"line":5,"column":67}},"4":{"start":{"line":6,"column":31},"end":{"line":6,"column":77}},"5":{"start":{"line":8,"column":24},"end":{"line":8,"column":57}},"6":{"start":{"line":9,"column":22},"end":{"line":9,"column":52}},"7":{"start":{"line":12,"column":0},"end":{"line":17,"column":2}},"8":{"start":{"line":19,"column":0},"end":{"line":23,"column":2}},"9":{"start":{"line":25,"column":0},"end":{"line":29,"column":2}},"10":{"start":{"line":31,"column":0},"end":{"line":35,"column":2}},"11":{"start":{"line":37,"column":0},"end":{"line":37,"column":63}},"12":{"start":{"line":39,"column":0},"end":{"line":43,"column":2}},"13":{"start":{"line":45,"column":0},"end":{"line":49,"column":2}},"14":{"start":{"line":51,"column":0},"end":{"line":51,"column":24}}},"fnMap":{},"branchMap":{},"s":{"0":0,"1":0,"2":0,"3":0,"4":0,"5":0,"6":0,"7":0,"8":0,"9":0,"10":0,"11":0,"12":0,"13":0,"14":0},"f":{},"b":{}}
,"C:\\xampp\\htdocs\\ADOPTME\\backend\\routes\\solicitudPublicacionRoutes.js": {"path":"C:\\xampp\\htdocs\\ADOPTME\\backend\\routes\\solicitudPublicacionRoutes.js","statementMap":{"0":{"start":{"line":1,"column":16},"end":{"line":1,"column":34}},"1":{"start":{"line":2,"column":15},"end":{"line":2,"column":31}},"2":{"start":{"line":4,"column":19},"end":{"line":4,"column":75}},"3":{"start":{"line":5,"column":24},"end":{"line":5,"column":57}},"4":{"start":{"line":6,"column":22},"end":{"line":6,"column":52}},"5":{"start":{"line":7,"column":34},"end":{"line":7,"column":87}},"6":{"start":{"line":13,"column":0},"end":{"line":19,"column":2}},"7":{"start":{"line":22,"column":0},"end":{"line":27,"column":2}},"8":{"start":{"line":30,"column":0},"end":{"line":30,"column":78}},"9":{"start":{"line":33,"column":0},"end":{"line":33,"column":63}},"10":{"start":{"line":36,"column":0},"end":{"line":41,"column":2}},"11":{"start":{"line":44,"column":0},"end":{"line":49,"column":2}},"12":{"start":{"line":52,"column":0},"end":{"line":57,"column":2}},"13":{"start":{"line":59,"column":0},"end":{"line":59,"column":24}}},"fnMap":{},"branchMap":{},"s":{"0":0,"1":0,"2":0,"3":0,"4":0,"5":0,"6":0,"7":0,"8":0,"9":0,"10":0,"11":0,"12":0,"13":0},"f":{},"b":{}}
,"C:\\xampp\\htdocs\\ADOPTME\\backend\\routes\\userRoutes.js": {"path":"C:\\xampp\\htdocs\\ADOPTME\\backend\\routes\\userRoutes.js","statementMap":{"0":{"start":{"line":1,"column":16},"end":{"line":1,"column":34}},"1":{"start":{"line":2,"column":15},"end":{"line":2,"column":31}},"2":{"start":{"line":3,"column":23},"end":{"line":3,"column":63}},"3":{"start":{"line":4,"column":24},"end":{"line":4,"column":57}},"4":{"start":{"line":5,"column":22},"end":{"line":5,"column":52}},"5":{"start":{"line":6,"column":44},"end":{"line":6,"column":84}},"6":{"start":{"line":7,"column":24},"end":{"line":7,"column":64}},"7":{"start":{"line":10,"column":0},"end":{"line":14,"column":3}},"8":{"start":{"line":11,"column":4},"end":{"line":11,"column":43}},"9":{"start":{"line":12,"column":4},"end":{"line":12,"column":82}},"10":{"start":{"line":13,"column":4},"end":{"line":13,"column":11}},"11":{"start":{"line":17,"column":0},"end":{"line":17,"column":38}},"12":{"start":{"line":20,"column":0},"end":{"line":24,"column":2}},"13":{"start":{"line":27,"column":0},"end":{"line":31,"column":2}},"14":{"start":{"line":34,"column":0},"end":{"line":34,"column":44}},"15":{"start":{"line":37,"column":0},"end":{"line":37,"column":51}},"16":{"start":{"line":40,"column":0},"end":{"line":44,"column":2}},"17":{"start":{"line":47,"column":0},"end":{"line":51,"column":2}},"18":{"start":{"line":54,"column":0},"end":{"line":58,"column":2}},"19":{"start":{"line":60,"column":0},"end":{"line":60,"column":72}},"20":{"start":{"line":62,"column":0},"end":{"line":62,"column":24}}},"fnMap":{"0":{"name":"(anonymous_0)","decl":{"start":{"line":10,"column":11},"end":{"line":10,"column":12}},"loc":{"start":{"line":10,"column":31},"end":{"line":14,"column":1}},"line":10}},"branchMap":{},"s":{"0":0,"1":0,"2":0,"3":0,"4":0,"5":0,"6":0,"7":0,"8":0,"9":0,"10":0,"11":0,"12":0,"13":0,"14":0,"15":0,"16":0,"17":0,"18":0,"19":0,"20":0},"f":{"0":0},"b":{}}
,"C:\\xampp\\htdocs\\ADOPTME\\backend\\utils\\notificaciones.js": {"path":"C:\\xampp\\htdocs\\ADOPTME\\backend\\utils\\notificaciones.js","statementMap":{"0":{"start":{"line":1,"column":21},"end":{"line":1,"column":54}},"1":{"start":{"line":2,"column":13},"end":{"line":2,"column":38}},"2":{"start":{"line":5,"column":24},"end":{"line":13,"column":2}},"3":{"start":{"line":22,"column":40},"end":{"line":35,"column":1}},"4":{"start":{"line":23,"column":2},"end":{"line":25,"column":3}},"5":{"start":{"line":24,"column":4},"end":{"line":24,"column":62}},"6":{"start":{"line":27,"column":25},"end":{"line":32,"column":5}},"7":{"start":{"line":27,"column":48},"end":{"line":32,"column":3}},"8":{"start":{"line":34,"column":2},"end":{"line":34,"column":48}},"9":{"start":{"line":45,"column":35},"end":{"line":52,"column":1}},"10":{"start":{"line":46,"column":19},"end":{"line":46,"column":63}},"11":{"start":{"line":47,"column":14},"end":{"line":47,"column":49}},"12":{"start":{"line":47,"column":32},"end":{"line":47,"column":48}},"13":{"start":{"line":49,"column":2},"end":{"line":51,"column":3}},"14":{"start":{"line":50,"column":4},"end":{"line":50,"column":80}},"15":{"start":{"line":54,"column":0},"end":{"line":57,"column":2}}},"fnMap":{"0":{"name":"(anonymous_0)","decl":{"start":{"line":22,"column":40},"end":{"line":22,"column":41}},"loc":{"start":{"line":22,"column":97},"end":{"line":35,"column":1}},"line":22},"1":{"name":"(anonymous_1)","decl":{"start":{"line":27,"column":37},"end":{"line":27,"column":38}},"loc":{"start":{"line":27,"column":48},"end":{"line":32,"column":3}},"line":27},"2":{"name":"(anonymous_2)","decl":{"start":{"line":45,"column":35},"end":{"line":45,"column":36}},"loc":{"start":{"line":45,"column":88},"end":{"line":52,"column":1}},"line":45},"3":{"name":"(anonymous_3)","decl":{"start":{"line":47,"column":27},"end":{"line":47,"column":28}},"loc":{"start":{"line":47,"column":32},"end":{"line":47,"column":48}},"line":47}},"branchMap":{"0":{"loc":{"start":{"line":22,"column":71},"end":{"line":22,"column":92}},"type":"default-arg","locations":[{"start":{"line":22,"column":90},"end":{"line":22,"column":92}}],"line":22},"1":{"loc":{"start":{"line":23,"column":2},"end":{"line":25,"column":3}},"type":"if","locations":[{"start":{"line":23,"column":2},"end":{"line":25,"column":3}},{"start":{},"end":{}}],"line":23},"2":{"loc":{"start":{"line":45,"column":62},"end":{"line":45,"column":83}},"type":"default-arg","locations":[{"start":{"line":45,"column":81},"end":{"line":45,"column":83}}],"line":45},"3":{"loc":{"start":{"line":49,"column":2},"end":{"line":51,"column":3}},"type":"if","locations":[{"start":{"line":49,"column":2},"end":{"line":51,"column":3}},{"start":{},"end":{}}],"line":49}},"s":{"0":0,"1":0,"2":0,"3":0,"4":0,"5":0,"6":0,"7":0,"8":0,"9":0,"10":0,"11":0,"12":0,"13":0,"14":0,"15":0},"f":{"0":0,"1":0,"2":0,"3":0},"b":{"0":[0],"1":[0,0],"2":[0],"3":[0,0]}}
,"C:\\xampp\\htdocs\\ADOPTME\\backend\\utils\\sanitize.js": {"path":"C:\\xampp\\htdocs\\ADOPTME\\backend\\utils\\sanitize.js","statementMap":{"0":{"start":{"line":1,"column":17},"end":{"line":1,"column":36}},"1":{"start":{"line":4,"column":29},"end":{"line":4,"column":103}},"2":{"start":{"line":5,"column":28},"end":{"line":5,"column":93}},"3":{"start":{"line":6,"column":30},"end":{"line":9,"column":2}},"4":{"start":{"line":12,"column":24},"end":{"line":18,"column":1}},"5":{"start":{"line":13,"column":4},"end":{"line":17,"column":5}},"6":{"start":{"line":14,"column":8},"end":{"line":14,"column":63}},"7":{"start":{"line":16,"column":8},"end":{"line":16,"column":20}},"8":{"start":{"line":21,"column":23},"end":{"line":24,"column":1}},"9":{"start":{"line":22,"column":16},"end":{"line":22,"column":42}},"10":{"start":{"line":23,"column":4},"end":{"line":23,"column":54}},"11":{"start":{"line":27,"column":23},"end":{"line":31,"column":1}},"12":{"start":{"line":28,"column":4},"end":{"line":30,"column":16}},"13":{"start":{"line":34,"column":26},"end":{"line":38,"column":1}},"14":{"start":{"line":35,"column":4},"end":{"line":35,"column":28}},"15":{"start":{"line":35,"column":16},"end":{"line":35,"column":28}},"16":{"start":{"line":36,"column":24},"end":{"line":36,"column":70}},"17":{"start":{"line":37,"column":4},"end":{"line":37,"column":63}},"18":{"start":{"line":41,"column":28},"end":{"line":61,"column":1}},"19":{"start":{"line":42,"column":22},"end":{"line":42,"column":24}},"20":{"start":{"line":44,"column":4},"end":{"line":58,"column":5}},"21":{"start":{"line":45,"column":8},"end":{"line":45,"column":53}},"22":{"start":{"line":45,"column":44},"end":{"line":45,"column":53}},"23":{"start":{"line":47,"column":8},"end":{"line":57,"column":9}},"24":{"start":{"line":48,"column":34},"end":{"line":48,"column":58}},"25":{"start":{"line":49,"column":12},"end":{"line":49,"column":62}},"26":{"start":{"line":49,"column":31},"end":{"line":49,"column":62}},"27":{"start":{"line":51,"column":13},"end":{"line":57,"column":9}},"28":{"start":{"line":52,"column":33},"end":{"line":52,"column":54}},"29":{"start":{"line":53,"column":12},"end":{"line":53,"column":60}},"30":{"start":{"line":53,"column":30},"end":{"line":53,"column":60}},"31":{"start":{"line":56,"column":12},"end":{"line":56,"column":51}},"32":{"start":{"line":60,"column":4},"end":{"line":60,"column":21}},"33":{"start":{"line":64,"column":27},"end":{"line":75,"column":1}},"34":{"start":{"line":65,"column":22},"end":{"line":65,"column":24}},"35":{"start":{"line":67,"column":4},"end":{"line":72,"column":5}},"36":{"start":{"line":68,"column":8},"end":{"line":68,"column":54}},"37":{"start":{"line":68,"column":45},"end":{"line":68,"column":54}},"38":{"start":{"line":69,"column":8},"end":{"line":71,"column":20}},"39":{"start":{"line":74,"column":4},"end":{"line":74,"column":21}},"40":{"start":{"line":77,"column":0},"end":{"line":81,"column":2}}},"fnMap":{"0":{"name":"(anonymous_0)","decl":{"start":{"line":12,"column":24},"end":{"line":12,"column":25}},"loc":{"start":{"line":12,"column":32},"end":{"line":18,"column":1}},"line":12},"1":{"name":"(anonymous_1)","decl":{"start":{"line":21,"column":23},"end":{"line":21,"column":24}},"loc":{"start":{"line":21,"column":34},"end":{"line":24,"column":1}},"line":21},"2":{"name":"(anonymous_2)","decl":{"start":{"line":27,"column":23},"end":{"line":27,"column":24}},"loc":{"start":{"line":27,"column":34},"end":{"line":31,"column":1}},"line":27},"3":{"name":"(anonymous_3)","decl":{"start":{"line":34,"column":26},"end":{"line":34,"column":27}},"loc":{"start":{"line":34,"column":37},"end":{"line":38,"column":1}},"line":34},"4":{"name":"(anonymous_4)","decl":{"start":{"line":41,"column":28},"end":{"line":41,"column":29}},"loc":{"start":{"line":41,"column":39},"end":{"line":61,"column":1}},"line":41},"5":{"name":"(anonymous_5)","decl":{"start":{"line":64,"column":27},"end":{"line":64,"column":28}},"loc":{"start":{"line":64,"column":37},"end":{"line":75,"column":1}},"line":64}},"branchMap":{"0":{"loc":{"start":{"line":14,"column":15},"end":{"line":14,"column":62}},"type":"cond-expr","locations":[{"start":{"line":14,"column":53},"end":{"line":14,"column":55}},{"start":{"line":14,"column":58},"end":{"line":14,"column":62}}],"line":14},"1":{"loc":{"start":{"line":23,"column":11},"end":{"line":23,"column":53}},"type":"cond-expr","locations":[{"start":{"line":23,"column":43},"end":{"line":23,"column":47}},{"start":{"line":23,"column":50},"end":{"line":23,"column":53}}],"line":23},"2":{"loc":{"start":{"line":23,"column":11},"end":{"line":23,"column":40}},"type":"binary-expr","locations":[{"start":{"line":23,"column":11},"end":{"line":23,"column":28}},{"start":{"line":23,"column":32},"end":{"line":23,"column":40}}],"line":23},"3":{"loc":{"start":{"line":28,"column":11},"end":{"line":30,"column":15}},"type":"cond-expr","locations":[{"start":{"line":29,"column":10},"end":{"line":29,"column":62}},{"start":{"line":30,"column":10},"end":{"line":30,"column":15}}],"line":28},"4":{"loc":{"start":{"line":35,"column":4},"end":{"line":35,"column":28}},"type":"if","locations":[{"start":{"line":35,"column":4},"end":{"line":35,"column":28}},{"start":{},"end":{}}],"line":35},"5":{"loc":{"start":{"line":36,"column":24},"end":{"line":36,"column":70}},"type":"cond-expr","locations":[{"start":{"line":36,"column":48},"end":{"line":36,"column":62}},{"start":{"line":36,"column":65},"end":{"line":36,"column":70}}],"line":36},"6":{"loc":{"start":{"line":37,"column":11},"end":{"line":37,"column":62}},"type":"cond-expr","locations":[{"start":{"line":37,"column":50},"end":{"line":37,"column":55}},{"start":{"line":37,"column":58},"end":{"line":37,"column":62}}],"line":37},"7":{"loc":{"start":{"line":45,"column":8},"end":{"line":45,"column":53}},"type":"if","locations":[{"start":{"line":45,"column":8},"end":{"line":45,"column":53}},{"start":{},"end":{}}],"line":45},"8":{"loc":{"start":{"line":47,"column":8},"end":{"line":57,"column":9}},"type":"if","locations":[{"start":{"line":47,"column":8},"end":{"line":57,"column":9}},{"start":{"line":51,"column":13},"end":{"line":57,"column":9}}],"line":47},"9":{"loc":{"start":{"line":49,"column":12},"end":{"line":49,"column":62}},"type":"if","locations":[{"start":{"line":49,"column":12},"end":{"line":49,"column":62}},{"start":{},"end":{}}],"line":49},"10":{"loc":{"start":{"line":51,"column":13},"end":{"line":57,"column":9}},"type":"if","locations":[{"start":{"line":51,"column":13},"end":{"line":57,"column":9}},{"start":{"line":55,"column":13},"end":{"line":57,"column":9}}],"line":51},"11":{"loc":{"start":{"line":51,"column":17},"end":{"line":51,"column":50}},"type":"binary-expr","locations":[{"start":{"line":51,"column":17},"end":{"line":51,"column":31}},{"start":{"line":51,"column":35},"end":{"line":51,"column":50}}],"line":51},"12":{"loc":{"start":{"line":53,"column":12},"end":{"line":53,"column":60}},"type":"if","locations":[{"start":{"line":53,"column":12},"end":{"line":53,"column":60}},{"start":{},"end":{}}],"line":53},"13":{"loc":{"start":{"line":68,"column":8},"end":{"line":68,"column":54}},"type":"if","locations":[{"start":{"line":68,"column":8},"end":{"line":68,"column":54}},{"start":{},"end":{}}],"line":68},"14":{"loc":{"start":{"line":69,"column":25},"end":{"line":71,"column":19}},"type":"cond-expr","locations":[{"start":{"line":70,"column":14},"end":{"line":70,"column":35}},{"start":{"line":71,"column":14},"end":{"line":71,"column":19}}],"line":69}},"s":{"0":0,"1":0,"2":0,"3":0,"4":0,"5":0,"6":0,"7":0,"8":0,"9":0,"10":0,"11":0,"12":0,"13":0,"14":0,"15":0,"16":0,"17":0,"18":0,"19":0,"20":0,"21":0,"22":0,"23":0,"24":0,"25":0,"26":0,"27":0,"28":0,"29":0,"30":0,"31":0,"32":0,"33":0,"34":0,"35":0,"36":0,"37":0,"38":0,"39":0,"40":0},"f":{"0":0,"1":0,"2":0,"3":0,"4":0,"5":0},"b":{"0":[0,0],"1":[0,0],"2":[0,0],"3":[0,0],"4":[0,0],"5":[0,0],"6":[0,0],"7":[0,0],"8":[0,0],"9":[0,0],"10":[0,0],"11":[0,0],"12":[0,0],"13":[0,0],"14":[0,0]}}
}
